Qualcomm HS-USB Wireless WAN (UNDP) for Gobi 1000 NV Updater Tool for Windows 7 (32-bit, 64-bit), Windows 7 Mobile Broadband, Vista (32-bit, 64-bit) and XP - ThinkPad


Gobi NV Updater Tool 
exe 
395.4 KB Windows 7 (32-bit)
Windows 7 (64-bit)
Windows Vista (32-Bit)
Windows Vista (64-Bit)
Windows XP (32-bit)
1.0.00 4/11/2012
CheckSum
MD5: 221934d470479710d677d56bb22477de 
SHA1: bbb84294b51aeec3c5bcd3bf7b54ccd7224c4161 
SHA-256: 848414a089b841ac980563d26ef4756476456cdca3b17d57054a1a395f2adfe7 
--2016-03-11 20:40:11--  https://download.lenovo.com/ibmdl/pub/pc/pccbbs/mobiles/7xwd20ww.exe


README for Gobi NV Updater Tool 
txtreadme 
7 KB Windows 7 (32-bit)
Windows 7 (64-bit)
Windows Vista (32-Bit)
Windows Vista (64-Bit)
Windows XP (32-bit)
1.0.00 4/11/2012
CheckSum
MD5: d08bd76f8c9c47127030fec5be792822 
SHA1: 7355d16f9e917faaf253cc0386caa5df9c3c1d42 
SHA-256: 69af1d8996912f7a73561cd0455ef6777866b621eb483770493b3626e308ac8f 
--2016-03-11 20:40:25--  https://download.lenovo.com/ibmdl/pub/pc/pccbbs/mobiles/7xwd20ww.txt


848414a089b841ac980563d26ef4756476456cdca3b17d57054a1a395f2adfe7  7xwd20ww.exe
69af1d8996912f7a73561cd0455ef6777866b621eb483770493b3626e308ac8f  7xwd20ww.txt



