Qualcomm HS-USB Wireless WAN (UNDP) driver for Windows 7 (32-bit, 64-bit) , Vista (32-bit, 64-bit) and XP - ThinkPad


Verizon Wireless WAN (UNDP) Driver
exe 
39.23 MB Windows 7 (32-bit)
Windows 7 (64-bit)
Windows Vista (32-Bit)
Windows Vista (64-Bit)
Windows XP (32-bit)
1.1.20 1/28/2010
CheckSum
MD5: 915c523c12578eea7f39b3312338afae 
SHA1: 90f67342389a46082057df58571a6fdf20092ccc 
SHA-256: ebe07782a1b4b2f7d6152d21f68a7152e859c7b35c679b87aa2a637e87c42d9a 
--2016-03-11 20:35:55--  https://download.lenovo.com/ibmdl/pub/pc/pccbbs/mobiles/7xwc27ww.exe


README for Verizon Wireless WAN (UNDP) Driver 
txtreadme 
10.66 KB Windows 7 (32-bit)
Windows 7 (64-bit)
Windows Vista (32-Bit)
Windows Vista (64-Bit)
Windows XP (32-bit)
1.1.20 1/28/2010
CheckSum
MD5: 10a85666e5cb707239717b8bd5df5b41 
SHA1: c6f2727a0a8ace5beea0e26beb81865f6ef215a0 
SHA-256: 8708c37ab386ab699dbec977bd6930bf014135f302cffbbfb03636437a95f20d 
--2016-03-11 20:36:21--  https://download.lenovo.com/ibmdl/pub/pc/pccbbs/mobiles/7xwc27ww.txt


ebe07782a1b4b2f7d6152d21f68a7152e859c7b35c679b87aa2a637e87c42d9a  7xwc27ww.exe
8708c37ab386ab699dbec977bd6930bf014135f302cffbbfb03636437a95f20d  7xwc27ww.txt



