Windows 7 (32-bit, 64-bit) Update Module KB2482122 - ThinkPad


README for Windows 7 Update Module KB2482122 
txtreadme 
7.59 KB Windows 7 (32-bit)
Windows 7 (64-bit)
1 3/6/2012
CheckSum
MD5: 8f43b7f3da1b9b6739583670594b9f44 
SHA1: fc67d3bea56cbf545b25bae24978aa521bff62be 
SHA-256: d4304523129c1715ff69c6092b4efc48747cf259a60a22aacd66a8b9c04623c9 
--2016-03-11 21:07:48--  https://download.lenovo.com/ibmdl/pub/pc/pccbbs/mobiles/os7022us.txt



Windows 7 Update Module KB2482122 for 64-bit Windows 
exe 
1.86 MB Windows 7 (64-bit)
1 3/6/2012
CheckSum
MD5: 1e042f10bb617cececd2eef5902a1157 
SHA1: c6feb5aa4d93ef401e1eb03b14c9d64d8154ba54 
SHA-256: 65b784f5efa29cfb1f18e4ea023b2dd9c3c5c529b6950f767484bcf36921bb26 
--2016-03-11 21:08:00--  https://download.lenovo.com/ibmdl/pub/pc/pccbbs/mobiles/os7022ww_64.exe



65b784f5efa29cfb1f18e4ea023b2dd9c3c5c529b6950f767484bcf36921bb26  os7022ww_64.exe
d4304523129c1715ff69c6092b4efc48747cf259a60a22aacd66a8b9c04623c9  os7022us.txt
