SmartCard reader driver for Windows 7 (64-bit) - ThinkPad


SmartCard Reader Driver 
exe 
340.29 KB Windows 7 (32-bit)
Windows 7 (64-bit)
4.1.0.1 3/12/2010
CheckSum
MD5: b16a1fee61088814366914111936e3d6 
SHA1: e9f683ff8f5978d5146765557c9192b5a3dfd16c 
SHA-256: a5e103148e9201125a8651cdf4202909736e6f07baf16548fa124f760c3e7d85 
--2016-03-11 17:31:30--  https://download.lenovo.com/ibmdl/pub/pc/pccbbs/mobiles/7kxv51ww.exe


README for SmartCard Reader Driver 
txtreadme 
7.23 KB Windows 7 (32-bit)
Windows 7 (64-bit)
4.1.0.1 3/12/2010
CheckSum
MD5: f8ae65bbe5bbb1c5c70e08343b86eee7 
SHA1: 50169f7f72074acb0425d7c1a3c5eabcebe4d976 
SHA-256: 032fe7e2fc500249fa0577c214f0ae8ceaac9ede9e94bbbaa73209fe949637ca 
--2016-03-11 17:31:49--  https://download.lenovo.com/ibmdl/pub/pc/pccbbs/mobiles/7kxv51ww.txt

a5e103148e9201125a8651cdf4202909736e6f07baf16548fa124f760c3e7d85  7kxv51ww.exe
032fe7e2fc500249fa0577c214f0ae8ceaac9ede9e94bbbaa73209fe949637ca  7kxv51ww.txt


