Lenovo Mobile Broadband Activation (Ericsson F3507g, Qualcomm Gobi1000, Qualcomm Gobi2000) for Windows 7 (32-bit, 64-bit) - ThinkPad


Lenovo Mobile Broadband Activation
exe 
11.51 MB Windows 7 (32-bit)
Windows 7 (64-bit)
3.5.0011 6/11/2010
CheckSum
MD5: 661b0dd344956e1e4957cc423692e6ba 
SHA1: 77156606744eaedff556e0116117b189e2d32f07 
SHA-256: fd8566c274a71d861d56d9d12764b7a09781a80c5eccb2ffc400bf5eb650213f 
--2016-03-11 20:37:58--  https://download.lenovo.com/ibmdl/pub/pc/pccbbs/mobiles/6jwa11ww.exe


README for Lenovo Mobile Broadband Activation 
txtreadme 
5.17 MB Windows 7 (32-bit)
Windows 7 (64-bit)
3.5.0011 6/11/2010
CheckSum
MD5: b1e64e9fc7bc506237932572c71eb517 
SHA1: 9d555efb1028eedf604f4fb962f82bab16e51685 
SHA-256: 11cb13e6dbfeb24f3fb5bb0363adbb8183e349c79dc3e026ca3b96d9414772b7 
--2016-03-11 20:38:29--  https://download.lenovo.com/ibmdl/pub/pc/pccbbs/mobiles/6jwa11ww.txt


fd8566c274a71d861d56d9d12764b7a09781a80c5eccb2ffc400bf5eb650213f  6jwa11ww.exe
11cb13e6dbfeb24f3fb5bb0363adbb8183e349c79dc3e026ca3b96d9414772b7  6jwa11ww.txt

