Rescue and Recovery® 4.3 and 4.5 Sysprepbackup Package for Windows 7


Rescue and Recovery 4.3 and 4.5 Sysprepbackup Package v1.2 
msi 
2.09 MB Windows 7 (32-bit)
Windows 7 (64-bit)
1.2 5/6/2014
CheckSum
MD5: 3f14a637797eac6500fc796074de66c0 
SHA1: 8c4d73af04f78349294d022b6d707fb8ab41b4ed 
SHA-256: 03e84b3cec9038e3854cd6e1ca2f9c6e54be9fd0ded0f48751ee3d3653b53180 
--2016-03-12 09:36:02--  https://download.lenovo.com/ibmdl/pub/pc/pccbbs/thinkvantage_en/rnr_sysprep_patch.msi


README for Rescue and Recovery 4.3 and 4.5 Sysprepbackup Package v1.2 
txtreadme 
7.01 KB Windows 7 (32-bit)
Windows 7 (64-bit)
1.2 5/6/2014
CheckSum
MD5: 2524fb58acaccb065f47fb6e956c66a7 
SHA1: c784617abe67939b21701c20dc90cbcf76c0d1ff 
SHA-256: f1033b5c89e5e7864e0fcfecb407deb1546130f2967ec80420b04ba19f8abdec 
--2016-03-12 09:36:15--  https://download.lenovo.com/ibmdl/pub/pc/pccbbs/thinkvantage_en/rnr_sysprep_patch.txt



f1033b5c89e5e7864e0fcfecb407deb1546130f2967ec80420b04ba19f8abdec  rnr_sysprep_patch.txt
03e84b3cec9038e3854cd6e1ca2f9c6e54be9fd0ded0f48751ee3d3653b53180  rnr_sysprep_patch.msi
