
Password Manager 
exe 
43.9 MB Windows 8.1 (32-bit)
Windows 8.1 (64-bit)
Windows 8 (32-bit)
Windows 8 (64-bit)
Windows 7 (32-bit)
Windows 7 (64-bit)
4.70.13.0 2/19/2016
CheckSum
MD5: 47addf847ecbb415f3e24bf94c5963a5 
SHA1: 31d727ad88b489f5cec659b89dd2d50cc756854c 
SHA-256: b923abde09c8f4c2a98fca331323a8347695811041941677f34db8affe7c574a 
--2016-03-11 13:35:51--  https://download.lenovo.com/pccbbs/thinkvantage_en/zb58z013us00.exe


README for Password Manager 
txtreadme 
11.5 KB Windows 8.1 (32-bit)
Windows 8.1 (64-bit)
Windows 8 (32-bit)
Windows 8 (64-bit)
Windows 7 (32-bit)
Windows 7 (64-bit)
4.70.13.0 2/19/2016
CheckSum
MD5: 5b69fd0612b0add41d5487215a870e4d 
SHA1: 3d67093f99560fb74dc1f9c7dd6c5bdb60246e08 
SHA-256: 5dbbee156ba3f9da9d9b3195e88f651eac565ae66422c493c31e3333b72fe7b5 
--2016-03-11 13:36:22--  https://download.lenovo.com/pccbbs/thinkvantage_en/zb58z013us00.txt


b923abde09c8f4c2a98fca331323a8347695811041941677f34db8affe7c574a  zb58z013us00.exe
5dbbee156ba3f9da9d9b3195e88f651eac565ae66422c493c31e3333b72fe7b5  zb58z013us00.txt

