Intel Wireless LAN (11bgn) for Windows 7 (32-bit, 64-bit) - ThinkPad


Intel Wireless LAN (11bgn) 
exe 
79.76 MB Windows 7 (32-bit)
Windows 7 (64-bit)
13.04.0000 6/22/2011
CheckSum
MD5: c90e12c98292ad799a40a3a079a6686d 
SHA1: b302eb5d39135c370a8cbbb2f5d647325063f06c 
SHA-256: 5e32e8dd1c10c05899c89aa30c7de5fb138466237c9562eb09ccc66c73d28a9b 
--2016-03-11 18:45:16--  https://download.lenovo.com/ibmdl/pub/pc/pccbbs/mobiles/6mws21ww.exe


README for Intel Wireless LAN (11bgn) 
txtreadme 
21.02 KB Windows 7 (32-bit)
Windows 7 (64-bit)
13.04.0000 6/22/2011
CheckSum
MD5: c1f935dce0639382a990ccc5cc20c304 
SHA1: 07e58a917ab91d37a5d6d43637ba5bdc05be5fa7 
SHA-256: 32a68a120ca2ac35e92bc47c3eeecc01d2e34212125b7a3439e8e97d276dbb0d 
--2016-03-11 18:47:19--  https://download.lenovo.com/ibmdl/pub/pc/pccbbs/mobiles/6mws21ww.txt


5e32e8dd1c10c05899c89aa30c7de5fb138466237c9562eb09ccc66c73d28a9b  6mws21ww.exe
32a68a120ca2ac35e92bc47c3eeecc01d2e34212125b7a3439e8e97d276dbb0d  6mws21ww.txt



