Windows 7 (64-bit) Update Module KB979903 (WW) - ThinkPad

Windows 7 Update Module KB979903 
exe 
5.16 MB Windows 7 (64-bit)
1 7/5/2011
CheckSum
MD5: edaf11ba1c7989573e6c554665d2246c 
SHA1: bd496be6d0e030681431b9a079710d6f458502f3 
SHA-256: 9cb96729c8d7fe10d3b028189f63c8aff29f310f4270ee04bab321c245489a5b 
--2016-03-11 21:01:38--  https://download.lenovo.com/ibmdl/pub/pc/pccbbs/mobiles/os7017ww_64.exe


README for Windows 7 Update Module KB979903 
txtreadme 
7.18 KB Windows 7 (64-bit)
1 7/5/2011
CheckSum
MD5: 04698019a3619ea6528266c750998761 
SHA1: 93035d2ada76208b234a8a4420ab689b7153db7f 
SHA-256: 7610d50ba906ec363c18d2cc4bc8b167290a027b906a1734f314be919ea36af0
--2016-03-11 21:01:52--  https://download.lenovo.com/ibmdl/pub/pc/pccbbs/mobiles/os7017us.txt







9cb96729c8d7fe10d3b028189f63c8aff29f310f4270ee04bab321c245489a5b  os7017ww_64.exe
7610d50ba906ec363c18d2cc4bc8b167290a027b906a1734f314be919ea36af0  os7017us.txt
