Utility To Read and Write Asset ID Information for Windows 8.1 (32-bit, 64-bit), 8 (32-bit, 64-bit), 7 (32-bit, 64-bit), Vista (32-bit, 64-bit), XP (32-bit) - ThinkPad


Utility to Read and Write Asset ID Information 
exe 
599.2 KB Windows 8.1 (32-bit)
Windows 8.1 (64-bit)
Windows 8 (32-bit)
Windows 8 (64-bit)
Windows 7 (32-bit)
Windows 7 (64-bit)
Windows Vista (32-Bit)
Windows Vista (64-Bit)
Windows XP (32-bit)
1.02 7/19/2012
CheckSum
MD5: 76eaa2d01926e21c4092409bb8e5a124 
SHA1: ea1a89f7595c5cee8864b061aeac5b92e3b7d532 
SHA-256: 00a268180e19474a36f77fbe0faa2fd348e408b3afdf090e73d81f42cf69210b 
--2016-03-11 18:04:28--  https://download.lenovo.com/ibmdl/pub/pc/pccbbs/mobiles/6iaw03ww.exe


README for Utility To Read and Write Asset ID Information 
txtreadme 
11.3 KB Windows 8.1 (32-bit)
Windows 8.1 (64-bit)
Windows 8 (32-bit)
Windows 8 (64-bit)
Windows 7 (32-bit)
Windows 7 (64-bit)
Windows Vista (32-Bit)
Windows Vista (64-Bit)
Windows XP (32-bit)
1.02 7/19/2012
CheckSum
MD5: 7a60b5cc9197e5da04b898cb7d30b6e6 
SHA1: 899bfff9e867635338fd6b0197aae5d454bf0b74 
SHA-256: eeb6cbeb3c3d7091c65bb7b8955045acf8617201247ac5c6d876f35540b91519 
--2016-03-11 18:04:48--  https://download.lenovo.com/ibmdl/pub/pc/pccbbs/mobiles/6iaw03ww.txt

00a268180e19474a36f77fbe0faa2fd348e408b3afdf090e73d81f42cf69210b  6iaw03ww.exe
eeb6cbeb3c3d7091c65bb7b8955045acf8617201247ac5c6d876f35540b91519  6iaw03ww.txt



