Ricoh Multi Card Reader Driver for Windows 7 (32-bit, 64-bit) - ThinkPad R400, R500, T400, T500, W500, W700, W700ds


Ricoh Multi Card Reader Driver 
exe 
3.25 MB Windows 7 (32-bit)
Windows 7 (64-bit)
3.64.02 11/6/2009
CheckSum
MD5: 9e7e349859cbdc8629e227bf02bab31f 
SHA1: cc945e94b227b70125a144381bca5d8810621802 
SHA-256: 43554a579bba3bbfc4543f530aee1e07c8773a75788d85ee7ec806c241ad9aec 
--2016-03-11 17:35:40--  https://download.lenovo.com/ibmdl/pub/pc/pccbbs/mobiles/7kss73ww.exe


README for Ricoh Multi Card Reader Driver 
txtreadme 
6.22 KB Windows 7 (32-bit)
Windows 7 (64-bit)
3.64.02 11/6/2009
CheckSum
MD5: 386fc576eb446844501b5d9ed50a9eda 
SHA1: 259b8f2bc88f392577c8c98b7545bcbf3b815dff 
SHA-256: 0559c841460133067000ae5a04fc3f464bade4ae4cad12ae093b354b39d8c994 
--2016-03-11 17:35:57--  https://download.lenovo.com/ibmdl/pub/pc/pccbbs/mobiles/7kss73ww.txt

43554a579bba3bbfc4543f530aee1e07c8773a75788d85ee7ec806c241ad9aec  7kss73ww.exe
0559c841460133067000ae5a04fc3f464bade4ae4cad12ae093b354b39d8c994  7kss73ww.txt

