Windows 7 (32-bit, 64-bit) Update Module KB958685 (WW) - ThinkPad


Windows 7 Update Module KB958685 (Windows 64-bit) 
exe 
1.39 MB Windows 7 (64-bit)
1 4/6/2010
CheckSum
MD5: 4605d9ddee7a7a13dee19fc74012152f 
SHA1: bb9ade764561d823b2eaaa4791b309b0d152651a 
SHA-256: ead56c396a5f8e0efe4c6fcc826da63813192e404f85e320a40939807f962f0c 
--2016-03-11 20:55:00--  https://download.lenovo.com/ibmdl/pub/pc/pccbbs/mobiles/os7005ww_64.exe



README for Windows 7 Update Module KB958685 
txtreadme 
7.71 KB Windows 7 (32-bit)
Windows 7 (64-bit)
1 4/6/2010
CheckSum
MD5: 7d131e2be4d2af855324a77566de71be 
SHA1: d3bb24f99cd7850c86da8d45c913b11378c7b1ad 
SHA-256: af786908bab778611e2bc652fbcc96372f9138a877501aa47c6a83e0ab350370 
--2016-03-11 20:55:11--  https://download.lenovo.com/ibmdl/pub/pc/pccbbs/mobiles/os7005us.txt


ead56c396a5f8e0efe4c6fcc826da63813192e404f85e320a40939807f962f0c  os7005ww_64.exe
af786908bab778611e2bc652fbcc96372f9138a877501aa47c6a83e0ab350370  os7005us.txt


