Monitor file for Windows 7 (32-bit,64-bit), Vista (32-bit,64-bit), XP (32-bit,64-bit), 2000 - ThinkPad


ThinkPad Monitor INF File 
exe 
305 KB Windows 7 (32-bit)
Windows 7 (64-bit)
Windows Vista (32-Bit)
Windows Vista (64-Bit)
Windows XP (32-bit)
Windows XP (64-bit)
4.38 4/19/2013
CheckSum
MD5: 38d6482cab458757b62a01d21aa08f33 
SHA1: 4b6d11e6d5cf5eb3ef88808cba817321a837f22a 
SHA-256: aaf6425c98babe5675df326634fb6d671bc853cf4f1911845621e4c3132da573 
--2016-03-11 17:56:01--  https://download.lenovo.com/ibmdl/pub/pc/pccbbs/mobiles/79oi30ww.exe


README for ThinkPad Monitor INF File 
txtreadme 
15 KB Windows 7 (32-bit)
Windows 7 (64-bit)
Windows Vista (32-Bit)
Windows Vista (64-Bit)
Windows XP (32-bit)
Windows XP (64-bit)
4.38 4/19/2013
CheckSum
MD5: c1633eb46e44f6bd69c810ae44850c63 
SHA1: b1181b828d1e71450b46edcfad6407b1413df597 
SHA-256: 955fee6e3daac42c89f2084441818785b9bec37d748f21774aee4d927fbc3d0b 
--2016-03-11 17:56:16--  https://download.lenovo.com/ibmdl/pub/pc/pccbbs/mobiles/79oi30ww.txt


aaf6425c98babe5675df326634fb6d671bc853cf4f1911845621e4c3132da573  79oi30ww.exe
955fee6e3daac42c89f2084441818785b9bec37d748f21774aee4d927fbc3d0b  79oi30ww.txt



