ThinkVantage Communications Utility 
exe 
4.04 MB Windows 7 (32-bit)
Windows 7 (64-bit)
Windows Vista (32-Bit)
Windows Vista (64-Bit)
Windows XP (32-bit)
2.11.0.0 6/13/2013
CheckSum
MD5: ba95684d4d31058fe8c7711b9be6aaa1 
SHA1: 26895c8e35182d21d06ab344e91fbaf556425ea9 
SHA-256: fd59f91b9d1b5119395678e02f2b0bc7335d656db8b427a786400e4b61cc4832 
--2016-03-12 09:22:24--  https://download.lenovo.com/ibmdl/pub/pc/pccbbs/mobiles/83cu32ww.exe


README for ThinkVantage Communications Utility 
txtreadme 
13.47 KB Windows 7 (32-bit)
Windows 7 (64-bit)
Windows Vista (32-Bit)
Windows Vista (64-Bit)
Windows XP (32-bit)
2.11.0.0 6/13/2013
CheckSum
MD5: 26179d6952e1cfbe0b55f40b83c661db 
SHA1: 5d0c107e61979e4ef1d047314d3a1f3fd4477b75 
SHA-256: 60508b21fdf9270bc5a4e2e2fc45aa141f51cf96b636fb4d785c41138e4ee8f3 
--2016-03-12 09:22:36--  https://download.lenovo.com/ibmdl/pub/pc/pccbbs/mobiles/83cu32ww.txt





60508b21fdf9270bc5a4e2e2fc45aa141f51cf96b636fb4d785c41138e4ee8f3  83cu32ww.txt
fd59f91b9d1b5119395678e02f2b0bc7335d656db8b427a786400e4b61cc4832  83cu32ww.exe
