Lenovo SHAREit for Windows 10 (32-bit, 64-bit), 8.1 (32-bit, 64-bit), 8 (32-bit, 64-bit), and 7 (32-bit, 64-bit) - Laptops, Desktops

SHAREit 
exe 
4.8 MB Windows 10 (32-bit)
Windows 10 (64-bit)
Windows 8.1 (32-bit)
Windows 8.1 (64-bit)
Windows 8 (32-bit)
Windows 8 (64-bit)
Windows 7 (32-bit)
Windows 7 (64-bit)
3.2.0.543 1/26/2016
CheckSum
MD5: fc61a7971274a87d9fabdc6c530d9d72 
SHA1: 32baee176132afc03171a58b1ee67c3875f13833 
SHA-256: 7513f3c368005ba5656c6ecd40f078b8d9c8cf6b9a423f2984f29ff63027db95 

--2016-03-11 13:50:35--  https://download.lenovo.com/pccbbs/mobiles/shareit320543ww.exe



README for SHAREit 
txtreadme 
5.7 KB Windows 10 (32-bit)
Windows 10 (64-bit)
Windows 8.1 (32-bit)
Windows 8.1 (64-bit)
Windows 8 (32-bit)
Windows 8 (64-bit)
Windows 7 (32-bit)
Windows 7 (64-bit)
3.2.0.543 1/26/2016
CheckSum
MD5: 196f49315360ab77c994ad6c91d6af20 
SHA1: 8a327cb3b52daca060caf43dba9f44f637cb8d8e 
SHA-256: 4cd797632149e3b26057bcdfeecbcd17fe2ce23426038ab052e394f6e005e3e8 

--2016-03-11 13:51:00--  https://download.lenovo.com/pccbbs/mobiles/shareit320543ww.txt


7513f3c368005ba5656c6ecd40f078b8d9c8cf6b9a423f2984f29ff63027db95  shareit320543ww.exe
4cd797632149e3b26057bcdfeecbcd17fe2ce23426038ab052e394f6e005e3e8  shareit320543ww.txt

