Lenovo Fingerprint Software for Windows 7 (64-bit) - ThinkPad R400, R500, T400, T500, W500, W700, W700ds, X200, X200s, X200 Tablet, X301


Lenovo Fingerprint Software for Windows 7 (64-bit) 
exe 
43.59 MB Windows 7 (64-bit)
3.3.2.50 9/19/2011
CheckSum
MD5: 080a58e86654e3b20567e29784458627 
SHA1: 484920560edf763873399bc104a85837ac3b02bc 
SHA-256: d0a8e46088cf277b1b264004da71f2cc12f2e02fb7bca67942125749dfb6b199 
--2016-03-11 18:16:10--  https://download.lenovo.com/ibmdl/pub/pc/pccbbs/thinkvantage_en/lfs33250w764.exe


README for Lenovo Fingerprint Software for Windows 7 (64-bit) 
txtreadme 
7 KB Windows 7 (64-bit)
3.3.2.50 9/19/2011
CheckSum
MD5: 748b76850ed9e4dd48f878dad0ef0f94 
SHA1: ef26fe305a5cedb51237db306f67f6a667c52eb5 
SHA-256: fc0da34721120e2c578afb54777a9a8d0f6fbf3a0b40be5a7e6f402cb93be440
--2016-03-11 18:16:34--  https://download.lenovo.com/ibmdl/pub/pc/pccbbs/thinkvantage_en/lfs33250w764.txt

d0a8e46088cf277b1b264004da71f2cc12f2e02fb7bca67942125749dfb6b199  lfs33250w764.exe
fc0da34721120e2c578afb54777a9a8d0f6fbf3a0b40be5a7e6f402cb93be440  lfs33250w764.txt



