Message Center Plus for Windows 7 (32-bit, 64-bit), Vista (32-bit, 64-bit), XP - Desktops, Notebooks

src: http://support.lenovo.com/hu/en/products/laptops-and-netbooks/thinkpad-t-series-laptops/thinkpad-t400/downloads/DS000885


omitted the 32 bit exe version which has
sha256sum: 3512da7d8a3d7caf78496b5670988a4e5ab7b25bde70b84fef71489cdf05b47b  mcp334_732.exe
sha1sum: a3d2fff9f4581ffc7d359a156d09356b306c634c  mcp334_732.exe


Message Center Plus for Windows 64-bit 
exe 
3 MB Windows 7 (64-bit)
Windows Vista (64-Bit)
3.3.0004 11/24/2014
CheckSum
MD5: 4e4b1212d7e0b88b2f53b080d6a86b12 
SHA1: 5216f9fd2d5129a1b81c8605e45575434822cf2d 
SHA-256: 5f6d3d1acb794cd9a03aac9b26a8c2061321b1fd1d9a0a71441cfe9ab45c34a1 
--2016-03-11 21:34:28--  https://download.lenovo.com/pccbbs/mobiles/mcp334_764.exe
--2016-03-11 21:35:56--  https://download.lenovo.com/pccbbs/mobiles/mcp334_764.exe


README for Message Center Plus 
txtreadme 
8.1 KB Windows 7 (32-bit)
Windows 7 (64-bit)
Windows Vista (32-Bit)
Windows Vista (64-Bit)
Windows XP (32-bit)
3.3.0004 11/24/2014
CheckSum
MD5: db5cc1e6b834491c8ccf807725a2e429 
SHA1: 9d2adbef1ca9fdd7a33caa32e087596f3c9b24b2 
SHA-256: 1828494da29c03c6df9b499925ed1cd313bb1b55b7e2c629102763f870085e7b 
--2016-03-11 21:34:42--  https://download.lenovo.com/pccbbs/mobiles/mcp334.txt


WRONG CHECKSUM for (both) *.exe but not for .txt!!

cd20c432e54bf845f360499a45d84123bf90104c0f3dfc7a626589a242d92741  mcp334_764.exe
1828494da29c03c6df9b499925ed1cd313bb1b55b7e2c629102763f870085e7b  mcp334.txt

