ThinkVantage GPS for Windows 7 (32-bit, 64-bit), Vista (32-bit, 64-bit), XP - Notebook


ThinkVantage GPS 
exe 
21 MB Windows 7 (32-bit)
Windows 7 (64-bit)
Windows Vista (32-Bit)
Windows Vista (64-Bit)
Windows XP (32-bit)
2.81 5/22/2013
CheckSum
MD5: b0913829bbc0288b71f18cd0b05d5fe2 
SHA1: 2601a6da2f2e99e1e3ff9d2d7fde23dfb2a5345b 
SHA-256: 701c583fdf4fd5ae3cac8102c96444d1374f7f1d8f32593539a22af06388f28f 
--2016-03-12 09:28:54--  https://download.lenovo.com/ibmdl/pub/pc/pccbbs/mobiles/g1gp20ww.exe


README for ThinkVantage GPS 
txtreadme 
21.6 KB Windows 7 (32-bit)
Windows 7 (64-bit)
Windows Vista (32-Bit)
Windows Vista (64-Bit)
Windows XP (32-bit)
2.81 5/22/2013
CheckSum
MD5: ee35c284f1a7a65aa646b386b85e5e00 
SHA1: 4c329fbc2cf843dea71f043a514fd5fcb1eb319f 
SHA-256: f58ede46f05f5237901fedde91f96fc99e23e8310d3eca8a73ff00683bc1ee0a 
--2016-03-12 09:29:12--  https://download.lenovo.com/ibmdl/pub/pc/pccbbs/mobiles/g1gp20ww.txt





f58ede46f05f5237901fedde91f96fc99e23e8310d3eca8a73ff00683bc1ee0a  g1gp20ww.txt
701c583fdf4fd5ae3cac8102c96444d1374f7f1d8f32593539a22af06388f28f  g1gp20ww.exe
