Bluetooth with Enhanced Data Rate Software II for Windows 7 (32-bit, 64-bit), Vista (32-bit, 64-bit) - ThinkPad


Bluetooth with Enhanced Data Rate Software II 
exe 
52.8 MB Windows 7 (32-bit)
Windows 7 (64-bit)
Windows Vista (32-Bit)
Windows Vista (64-Bit)
6.2.1.3100 2/21/2014
CheckSum
MD5: 90e7fa875674d1410820af25d132b3f5 
SHA1: 44a185846bc08b1e43438dbb3ea047f87232237d 
SHA-256: f85bc055430cebf030647712d78fbfeac2fc8e6fd68baaee30c1fd6e50e005aa 
--2016-03-11 16:41:18--  https://download.lenovo.com/ibmdl/pub/pc/pccbbs/mobiles/7zbv19ww.exe


README for Bluetooth with Enhanced Data Rate Software II 
txtreadme 
15.9 KB Windows 7 (32-bit)
Windows 7 (64-bit)
Windows Vista (32-Bit)
Windows Vista (64-Bit)
6.2.1.3100 2/21/2014
CheckSum
MD5: 343774c3dd18f4848d497cfd470fb0ac 
SHA1: c5369f380faea3f5ce736d1aa93fbc751340d210 
SHA-256: 25b766d364612e9f1fa5141c3d2ccdd826f5f2427276edab4ae5a69b5b1f1355 
--2016-03-11 16:41:37--  https://download.lenovo.com/ibmdl/pub/pc/pccbbs/mobiles/7zbv19ww.txt


f85bc055430cebf030647712d78fbfeac2fc8e6fd68baaee30c1fd6e50e005aa  7zbv19ww.exe
25b766d364612e9f1fa5141c3d2ccdd826f5f2427276edab4ae5a69b5b1f1355  7zbv19ww.txt

