Lenovo Enhanced Performance USB Keyboard and Wireless Keyboard and Mouse - Files

Lenovo Enhanced Performance USB Keyboard 
exe 
14.6 MB Windows XP (32-bit)
Windows XP (64-bit)
Windows Vista (32-Bit)
Windows Vista (64-Bit)
Windows 7 (32-bit)
Windows 7 (64-bit)
Windows 8 (32-bit)
Windows 8 (64-bit)
Windows 8.1 (32-bit)
Windows 8.1 (64-bit)
Windows 10 (32-bit)
Windows 10 (64-bit)
2.0.2.4 7/15/2015
CheckSum
MD5: f5da0cdd7ce883dda68edeff5254d20d 
SHA1: d5a2b1a8458d737de8c633b76454e963ff475262 
SHA-256: 97022ed8b73e799ef451aa74d0306bf3d26f4b1b539d8f1ac05baddb8a931242 
--2016-03-11 13:57:58--  https://download.lenovo.com/ibmdl/pub/pc/pccbbs/options/l_enhanced_performance_usb_keyboard2024.exe


README for Lenovo Enhanced Performance USB Keyboard 
txtreadme 
1.6 KB Windows XP (32-bit)
Windows XP (64-bit)
Windows Vista (32-Bit)
Windows Vista (64-Bit)
Windows 7 (32-bit)
Windows 7 (64-bit)
Windows 8 (32-bit)
Windows 8 (64-bit)
Windows 8.1 (32-bit)
Windows 8.1 (64-bit)
Windows 10 (32-bit)
Windows 10 (64-bit)
2.0.2.4 5/17/2015
CheckSum
MD5: dfc09b4c9eac406dbb908f853af03b16 
SHA1: 691db28f571dd61924a5725a322cb5c2ec872fa3 
SHA-256: e624e1e1e6351ae4783d18301b74fcad4ab8fcda5d2abce8e8205fdbaa465918
--2016-03-11 13:57:34--  https://download.lenovo.com/ibmdl/pub/pc/pccbbs/options/l_enhanced_performance_usb_keyboard2024.txt



97022ed8b73e799ef451aa74d0306bf3d26f4b1b539d8f1ac05baddb8a931242  l_enhanced_performance_usb_keyboard2024.exe
e624e1e1e6351ae4783d18301b74fcad4ab8fcda5d2abce8e8205fdbaa465918  l_enhanced_performance_usb_keyboard2024.txt

