Lenovo Mobile Broadband Activation for Windows 7 (32-bit, 64-bit) - Notebook


Lenovo Mobile Broadband Activation
exe 
16.9 MB Windows 7 (32-bit)
Windows 7 (64-bit)
4.6.0004 5/11/2015
CheckSum
MD5: 5841412284fdd3a11c69b691faf36122 
SHA1: be1cfa2a730f19a6e5e0c15afdcca7fb043f8275 
SHA-256: 8468e94f702252a2c834f75a63a5d00aad3bddc5ee3dd36edcdb18ad6058a000 
--2016-03-11 20:41:48--  https://download.lenovo.com/ibmdl/pub/pc/pccbbs/mobiles/gjwac4ww.exe


README for Lenovo Mobile Broadband Activation 
txtreadme 
9.46 KB Windows 7 (32-bit)
Windows 7 (64-bit)
4.6.0004 5/11/2015
CheckSum
MD5: ead18b0b4ff461fd5cf8fe3ea9009dbf 
SHA1: 11e792b99a78f992850e96a62bd221371e1e0c00 
SHA-256: eeec07eb5ea03b9068f539f7b994e7eb463e95b32cacf43a5c15049f3fb11983 
--2016-03-11 20:42:06--  https://download.lenovo.com/ibmdl/pub/pc/pccbbs/mobiles/gjwac4ww.txt


8468e94f702252a2c834f75a63a5d00aad3bddc5ee3dd36edcdb18ad6058a000  gjwac4ww.exe
eeec07eb5ea03b9068f539f7b994e7eb463e95b32cacf43a5c15049f3fb11983  gjwac4ww.txt



