ThinkPad 11b/g/n Wireless LAN Mini-PCI Express Adapter II for Windows 7 (32-bit, 64-bit) - ThinkPad


ThinkPad Wireless LAN (11b/g/n) 
exe 
11.31 MB Windows 7 (32-bit)
Windows 7 (64-bit)
1.00.0029.8 9/14/2011
CheckSum
MD5: 1fa3811bd2887577a40153d9a645fca1 
SHA1: aa387012b422affa273d64f01a7243f35622366e 
SHA-256: 4cef7d68d165f4762506662b5d577c9d5baa812270ef92940d07a1e7deef3420 
--2016-03-11 16:21:34--  https://download.lenovo.com/ibmdl/pub/pc/pccbbs/mobiles/6iws25ww.exe


README for ThinkPad Wireless LAN (11b/g/n) 
txtreadme 
11.57 KB Windows 7 (32-bit)
Windows 7 (64-bit)
1.00.0029.8 9/14/2011
CheckSum
MD5: 9e795a280d03769488258a16713c69d6 
SHA1: b79ff2d982915956d22a5663e15949b96610ed67 
SHA-256: 676718ae57fe1505a2d956421ed8187efc2eb6a0ad3fd7697f5a3cfc7b37b96d 
--2016-03-11 16:21:52--  https://download.lenovo.com/ibmdl/pub/pc/pccbbs/mobiles/6iws25ww.txt


4cef7d68d165f4762506662b5d577c9d5baa812270ef92940d07a1e7deef3420  6iws25ww.exe
676718ae57fe1505a2d956421ed8187efc2eb6a0ad3fd7697f5a3cfc7b37b96d  6iws25ww.txt

