Windows 7 (64-bit) Update Module KB2674705 
exe 
1.57 MB Windows 7 (64-bit)
1 4/23/2012
CheckSum
MD5: 21a03e94f69d6cb6191e8ae9e2d2cd8c 
SHA1: 7917b7069bc1273369d274e325032d164cd26e76 
SHA-256: 3c6e9b469a65ac5deac0d678cc460853cfc444b7615a4d355b42aa1939e6b969 
--2016-03-11 21:09:17--  https://download.lenovo.com/ibmdl/pub/pc/pccbbs/mobiles/os7027ww_64.exe


README for Windows 7 Update Module KB2674705 
txtreadme 
6.11 KB Windows 7 (32-bit)
Windows 7 (64-bit)
1 4/23/2012
CheckSum
MD5: ab69ac0c7c4ca3cd86a87523802cd468 
SHA1: 2910fa45ec66dd22482e00748cb870a46086f691 
SHA-256: 8c150e39c64a5cc357ef7da0e0c5e987d68db361778f92e03e496ccc0711c421 
--2016-03-11 21:09:44--  https://download.lenovo.com/ibmdl/pub/pc/pccbbs/mobiles/os7027us.txt



3c6e9b469a65ac5deac0d678cc460853cfc444b7615a4d355b42aa1939e6b969  os7027ww_64.exe
8c150e39c64a5cc357ef7da0e0c5e987d68db361778f92e03e496ccc0711c421  os7027us.txt
