BIOS Setup Menu Extension Utility for the Resetting the Cryptographic Key and the Erasing of the Solid State Drive for DOS - ThinkPad


BIOS Setup Menu Extension Utility (Bootable CD) 
iso 
8.36 MB Nem alkalmazható
1.02 12/7/2010
CheckSum
MD5: 93f9f380791052fa474a89f04fa4100f 
SHA1: 103646a2a3cf8f05408517106b797d32a8f94db8 
SHA-256: 3fcf9c9242f91ec5646167d06af6871442736ae44376ebf88587d2c34cb6a9b6 
--2016-03-12 11:02:55--  https://download.lenovo.com/ibmdl/pub/pc/pccbbs/mobiles/7kfd03ww.iso


README for BIOS Setup Menu Extension Utility 

9.73 KB Nem alkalmazható
1.02 12/7/2010
CheckSum
MD5: 2a066f15c2177f1a38840b471d035fae 
SHA1: eaad8788798f2d9aee0246eafa1b554f6056398c 
SHA-256: 0b195cdafc3bd19263749ce033da8539ba8d19248f9bef1f4b058e886b793e36 
--2016-03-12 11:03:14--  https://download.lenovo.com/ibmdl/pub/pc/pccbbs/mobiles/7kfd03ww.txt


BIOS Setup Menu Extension Utility (Bootable floppy disk) 

2.16 KB Nem alkalmazható
1.02 12/7/2010
CheckSum
MD5: f638c2eb610ff0a0b9ca120775699b0b 
SHA1: 4c94a380a0457ecfd51353b57d20c15fbfdb7370 
SHA-256: 806bb45f5b45204c6c012cac7c681f51bd1c3890a6eafe9e10f9b7e299d104ea 
--2016-03-12 11:03:32--  https://download.lenovo.com/ibmdl/pub/pc/pccbbs/mobiles/7kfd03ww.zip





0b195cdafc3bd19263749ce033da8539ba8d19248f9bef1f4b058e886b793e36  7kfd03ww.txt
806bb45f5b45204c6c012cac7c681f51bd1c3890a6eafe9e10f9b7e299d104ea  7kfd03ww.zip
3fcf9c9242f91ec5646167d06af6871442736ae44376ebf88587d2c34cb6a9b6  7kfd03ww.iso
