Intel GM45 Display Driver for Windows 7 (64-bit), Vista (64-bit) - ThinkPad


Intel GM45 Display Driver 
exe 
15.8 MB Windows 7 (64-bit)
Windows Vista (64-Bit)
8.15.10.2555 3/28/2012
CheckSum
MD5: 055be8f50b191b2cfba8673d7d58ecee 
SHA1: 60486788484672cdc3c11e4706ba7159a6c63b08 
SHA-256: 83a2b07393e79bba4580d9a3f031edda1b59d71405dff792523b67169879e0ef 
--2016-03-11 14:21:56--  https://download.lenovo.com/ibmdl/pub/pc/pccbbs/mobiles/7xd658ww.exe


README for Intel GM45 Display Driver 
txtreadme 
10.06 KB Windows 7 (64-bit)
Windows Vista (64-Bit)
8.15.10.2555 1/17/2012
CheckSum
MD5: 0991e657f84cabd02ce04bef3615fb8a 
SHA1: 9b244d62aa8418f70503e93fa47284e8df9d1d6e 
SHA-256: 7cddaad31711de3a1d05ff1c508b8ea2d4c15c0a1888bb277a52edef84964d5c
--2016-03-11 14:22:14--  https://download.lenovo.com/ibmdl/pub/pc/pccbbs/mobiles/7xd658ww.txt

83a2b07393e79bba4580d9a3f031edda1b59d71405dff792523b67169879e0ef  7xd658ww.exe
7cddaad31711de3a1d05ff1c508b8ea2d4c15c0a1888bb277a52edef84964d5c  7xd658ww.txt


