Registry Patch to Disable AMT Profile Synchronization Pop-up for Windows 7 and Vista - ThinkPad


README for Registry Patch to Disable AMT Profile Synchronization Pop-up 

9.54 KB Windows 7 (32-bit)
Windows 7 (64-bit)
Windows Vista (32-Bit)
Windows Vista (64-Bit)
1 12/17/2009
CheckSum
MD5: 2449eb9aaaf604680a275ff8f768846e 
SHA1: 3fcf88bddde0dea7953c6304138704a232f6d246 
SHA-256: eadd894a9f6a6f7cc3970ea33578f47bd8a333681abb20cca4cca3331ed6d4fb 
--2016-03-11 16:46:19--  https://download.lenovo.com/ibmdl/pub/pc/pccbbs/mobiles/6mwp01ww.txt



Registry Patch to Disable AMT Profile Synchronization Pop-up 

1.23 KB Windows 7 (32-bit)
Windows 7 (64-bit)
Windows Vista (32-Bit)
Windows Vista (64-Bit)
1 12/17/2009
CheckSum
MD5: 075d707bb4d3111b512607bfa29b91c6 
SHA1: a1009cd1d8567f0e79d63e6e588ccfb1a15ec1b7 
SHA-256: a474406b19c3272bf1fbb770ce0a0a9efc558d3a746b1829b64b2211d46bda0a 
--2016-03-11 16:46:35--  https://download.lenovo.com/ibmdl/pub/pc/pccbbs/mobiles/6mwp01ww.zip


a474406b19c3272bf1fbb770ce0a0a9efc558d3a746b1829b64b2211d46bda0a  6mwp01ww.zip
eadd894a9f6a6f7cc3970ea33578f47bd8a333681abb20cca4cca3331ed6d4fb  6mwp01ww.txt

