ThinkPad Power Manager Patch module for Windows 7 (32-bit, 64-bit), Vista (32-bit, 64-bit), XP - ThinkPad


Patch module for ThinkPad Power Manager 
exe 
1.72 MB Windows 7 (32-bit)
Windows 7 (64-bit)
Windows Vista (32-Bit)
Windows Vista (64-Bit)
Windows XP (32-bit)
Windows XP (64-bit)
1 5/23/2011
CheckSum
MD5: ea72a2207f1e71c2ea1ca52b62fd186e 
SHA1: 7df621aa64edfac6f584f4b1cfb657ad6cdff628 
SHA-256: ca80dabf0b5db071ac45c675dbecf070b9446e049d628c6103bb8702d2e1012f 
--2016-03-11 21:22:27--  https://download.lenovo.com/ibmdl/pub/pc/pccbbs/mobiles/00u401us.exe


README for Patch module for ThinkPad Power Manager 
txtreadme 
6 KB Windows 7 (32-bit)
Windows 7 (64-bit)
Windows Vista (32-Bit)
Windows Vista (64-Bit)
Windows XP (32-bit)
Windows XP (64-bit)
1 6/26/2011
CheckSum
MD5: 27adb7d6fc277a31c18eceb7b5517ec3 
SHA1: 943fef6b0b4b8949fe016fda80e512e5356feb04 
SHA-256: 3d15e28e4a1b729ada8199cdad4bb53e83e0aa3fb4a806c378467ba89c9a91ef 
--2016-03-11 21:22:39--  https://download.lenovo.com/ibmdl/pub/pc/pccbbs/mobiles/00u401us.txt




ca80dabf0b5db071ac45c675dbecf070b9446e049d628c6103bb8702d2e1012f  00u401us.exe
3d15e28e4a1b729ada8199cdad4bb53e83e0aa3fb4a806c378467ba89c9a91ef  00u401us.txt
