ThinkVantage Access Connections for Windows 7 (32-bit, 64-bit) - LaptopnormalREADME for ThinkVantage(R) Access Connections(TM) 47.7 KB 6.26.813/11/2016normalThinkVantage(R) Access Connections(TM) 42.6 MB 6.26.813/11/2016

--2016-03-11 13:14:28--  https://download.lenovo.com/pccbbs/mobiles/gic781ww.txt
CheckSum
MD5: cde932f1c7486df474766b3719c4bea1 
SHA1: eeaa2c9e83a7fe82cd3cd44adf625c55e515de26 
SHA-256: 3a6f2a5d04bc812aec0e7cdfcc5e01962c98dacaeaa644213a7237a8b318eb4c 

--2016-03-11 13:14:59--  https://download.lenovo.com/pccbbs/mobiles/gic781ww.exe
MD5: c4a501f06970cb1be25bd9f7b349b5b4 
SHA1: 0687f028a4aee15afc41ac6c4420875a5d269c3d 
SHA-256: c4319e303f0c07639e0bcc5a4c8e0c001e3c56fae4eb8147e661e8e1f2bbeb2e 

my sha512sum:
c86ee0f8e783394a0f0b85fc96682d6c65924f0613f2a39a312c203b83ca6be0cbf740126f885cbcf3d5bb4c74daf5debb2fb6d3fe411233f6b585471bd45dcd  gic781ww.exe
be7f99d9ba332c33ab4897b57ee2938479cec6aa9dc2ae3d448cd8de582c06073d0d042c6a8584fb7830ca4de5ae697b658a71920cf61dcb766daf656eb030f8  gic781ww.txt

c4319e303f0c07639e0bcc5a4c8e0c001e3c56fae4eb8147e661e8e1f2bbeb2e  gic781ww.exe
3a6f2a5d04bc812aec0e7cdfcc5e01962c98dacaeaa644213a7237a8b318eb4c  gic781ww.txt


ThinkVantage(R) Access Connections(TM) 
exe 
42.6 MB Windows 7 (32-bit)
Windows 7 (64-bit)
6.26.81 3/11/2016
CheckSum
MD5: c4a501f06970cb1be25bd9f7b349b5b4 
SHA1: 0687f028a4aee15afc41ac6c4420875a5d269c3d 
SHA-256: c4319e303f0c07639e0bcc5a4c8e0c001e3c56fae4eb8147e661e8e1f2bbeb2e 

README for ThinkVantage(R) Access Connections(TM) 
txtreadme 
47.7 KB Windows 7 (32-bit)
Windows 7 (64-bit)
6.26.81 3/11/2016
CheckSum
MD5: cde932f1c7486df474766b3719c4bea1 
SHA1: eeaa2c9e83a7fe82cd3cd44adf625c55e515de26 
SHA-256: 3a6f2a5d04bc812aec0e7cdfcc5e01962c98dacaeaa644213a7237a8b318eb4c 


