Synaptics UltraNav driver for Windows 8.1 (32-bit, 64-bit), 8 (32-bit, 64-bit), 7 (32-bit, 64-bit), Vista (32-bit, 64-bit), XP - ThinkPad


Synaptics ThinkPad UltraNav Driver 
exe 
27.4 MB Windows 7 (32-bit)
Windows 7 (64-bit)
Windows 8 (32-bit)
Windows 8 (64-bit)
Windows 8.1 (32-bit)
Windows 8.1 (64-bit)
Windows Vista (32-Bit)
Windows Vista (64-Bit)
Windows XP (32-bit)
16.2.19.14 8/19/2014
CheckSum
MD5: a97435f64690dda8e4c331584e968afe 
SHA1: 37fa58076cbe3066956ecbb07d80fa42ced29230 
SHA-256: 2ba496b2f47da4832913b0f1fd9b502ef2e75a7ed3be82bc7490faf60f481fa1 
--2016-03-11 18:22:31--  https://download.lenovo.com/ibmdl/pub/pc/pccbbs/mobiles/6hgx81ww.exe


README for Synaptics ThinkPad UltraNav Driver 
txtreadme 
50.09 KB Windows 7 (32-bit)
Windows 7 (64-bit)
Windows 8 (32-bit)
Windows 8 (64-bit)
Windows 8.1 (32-bit)
Windows 8.1 (64-bit)
Windows Vista (32-Bit)
Windows Vista (64-Bit)
Windows XP (32-bit)
16.2.19.14 8/19/2014
CheckSum
MD5: 0765eef1096cfc0cfd3bd06eb921047a 
SHA1: a1456d42c2dcab02017eff85789e4f41ec89f0b5 
SHA-256: 0cf94918510360fe21972cf0c52dc9a53894a10c9135f8a6a4454c8f6eb87ee0 
--2016-03-11 18:22:50--  https://download.lenovo.com/ibmdl/pub/pc/pccbbs/mobiles/6hgx81ww.txt




2ba496b2f47da4832913b0f1fd9b502ef2e75a7ed3be82bc7490faf60f481fa1  6hgx81ww.exe
0cf94918510360fe21972cf0c52dc9a53894a10c9135f8a6a4454c8f6eb87ee0  6hgx81ww.txt

