Windows 7 (32-bit, 64-bit) Update Module KB2292867 (WW) - ThinkPad


Windows 7 Update Module KB2292867 (Windows 64-bit) 
exe 
1.38 MB Windows 7 (64-bit)
1 2/15/2011
CheckSum
MD5: 6e2dce4927ce346238bf3f727d298b83 
SHA1: ab880afee8731bf66a2cdd78a2ec2bfbe20eccec 
SHA-256: 322c00d55a39980a0215e379206ebbfd506a19ede17f658c2fb8683d9e2b422c 
--2016-03-11 20:58:16--  https://download.lenovo.com/ibmdl/pub/pc/pccbbs/mobiles/os7015ww_64.exe


README for Windows 7 Update Module KB2292867 
txtreadme 
7.29 KB Windows 7 (32-bit)
Windows 7 (64-bit)
1 2/15/2011
CheckSum
MD5: cd779c8a75f47b9737d09e805aff31ec 
SHA1: f980d0f58a736fbbebb124dbc1e16cbf2f12e56c 
SHA-256: 8a58b13ca3b39d00d9fc459d46243a47fff99f3c73353db7ad0e0594430a0e2a 
--2016-03-11 20:58:32--  https://download.lenovo.com/ibmdl/pub/pc/pccbbs/mobiles/os7015us.txt


322c00d55a39980a0215e379206ebbfd506a19ede17f658c2fb8683d9e2b422c  os7015ww_64.exe
8a58b13ca3b39d00d9fc459d46243a47fff99f3c73353db7ad0e0594430a0e2a  os7015us.txt

