Access Help for Windows 7 - ThinkPad R400, R500, T400, T400s, T500, W500


Access Help 
exe 
26.42 MB Windows 7 (32-bit)
Windows 7 (64-bit)
3 10/2/2009
CheckSum
MD5: d3af5db7f005d01f32026eea48ce3d36 
SHA1: 7ee92d63917f603c5780f58e2aef018cd955bbd7 
SHA-256: d7cf61b57bd0ff6fa34900a5725c64a132868eecc18c3be45dea8da47bae2e06 
--2016-03-11 14:23:24--  https://download.lenovo.com/ibmdl/pub/pc/pccbbs/mobiles/6htb02us.exe


README for Access Help 
txtreadme 
5.54 MB Windows 7 (32-bit)
Windows 7 (64-bit)
3 10/2/2009
CheckSum
MD5: fcc7fae184a39a2b030cb684b0b71250 
SHA1: 71c5fe46b2acc6e953b89dd818c64cc5f65d8cc5 
SHA-256: cc848fdf864faca86a4ec1781fbca33c7ba013f26ca8af213afdce9418c5165a
--2016-03-11 14:23:56--  https://download.lenovo.com/ibmdl/pub/pc/pccbbs/mobiles/6htb02us.txt



d7cf61b57bd0ff6fa34900a5725c64a132868eecc18c3be45dea8da47bae2e06  6htb02us.exe
cc848fdf864faca86a4ec1781fbca33c7ba013f26ca8af213afdce9418c5165a  6htb02us.txt



