Corel DVD Movie Factory 7 for Blu-ray for Windows 7 - ThinkCentre, ThinkPad, ThinkStation


Corel DVD Movie Factory 7 for Blu-ray 
exe 
37.93 MB Windows 7 (32-bit)
Windows 7 (64-bit)
Windows XP (32-bit)
7.0.30100 5/28/2013
CheckSum
MD5: baee8db445058149753173fdadcbee06 
SHA1: 9fb5dc22a311991bd15394e836573e825dfb6a9b 
SHA-256: ef1c99799f6ac82d6e83ede8decd0d4ed6088f96840569640e15f58c83572eeb 
--2016-03-12 09:02:49--  https://download.lenovo.com/ibmdl/pub/pc/pccbbs/thinkcentre_software/dmf7_30100u-a.exe


README for Corel DVD Movie Factory 7 for Blu-ray 
txtreadme 
11.42 KB Windows 7 (32-bit)
Windows 7 (64-bit)
Windows XP (32-bit)
7.0.30100 5/28/2013
CheckSum
MD5: 4b332415f29c013838af65f43ef1775b 
SHA1: 170a3cea486f764ff25577b791d835f11caf9f98 
SHA-256: c9a48088fe6d43db8546b7de662211e073307e1c2a333f66cb4aec803f5c22e4 
--2016-03-12 09:02:59--  https://download.lenovo.com/ibmdl/pub/pc/pccbbs/thinkcentre_software/dmf7_30100u-a.txt



ef1c99799f6ac82d6e83ede8decd0d4ed6088f96840569640e15f58c83572eeb  dmf7_30100u-a.exe
c9a48088fe6d43db8546b7de662211e073307e1c2a333f66cb4aec803f5c22e4  dmf7_30100u-a.txt
