Integrated Camera driver for Windows 7, Vista, XP and 2000 - ThinkPad R61, R61i, R400, R500, T61, T400


Integrated Camera Driver 
exe 
9.66 MB Windows 7 (32-bit)
Windows 7 (64-bit)
Windows Vista (32-Bit)
Windows Vista (64-Bit)
Windows XP (32-bit)
5.8.53003.0 10/2/2009
CheckSum
MD5: a3d4f5cc886a8f6af4f0298f6daf6544 
SHA1: a0b9cc486cd0be2a7af0f874b99f04a7955b2912 
SHA-256: a0b668dc014d8c1ff3d1903a56337ddb516c8c40e11d7b03a814cfd7114ff0d5 
--2016-03-11 17:34:09--  https://download.lenovo.com/ibmdl/pub/pc/pccbbs/mobiles/7yca08ww.exe


README for Integrated Camera Driver 
txtreadme 
6.83 KB Windows 7 (32-bit)
Windows 7 (64-bit)
Windows Vista (32-Bit)
Windows Vista (64-Bit)
Windows XP (32-bit)
5.8.53003.0 10/2/2009
CheckSum
MD5: 28b7c8bc8b6af26827875dcdba181a1e 
SHA1: 2a4b3a0defca431d8913575f4efb964b93e4f91a 
SHA-256: 30cb813c828e32fbdd489dbfe74cf990b4d96ba435dcffb8656215e5d13616b7 
--2016-03-11 17:34:30--  https://download.lenovo.com/ibmdl/pub/pc/pccbbs/mobiles/7yca08ww.txt

a0b668dc014d8c1ff3d1903a56337ddb516c8c40e11d7b03a814cfd7114ff0d5  7yca08ww.exe
30cb813c828e32fbdd489dbfe74cf990b4d96ba435dcffb8656215e5d13616b7  7yca08ww.txt




