Intel Wireless LAN (bg, abg, abgn) for Windows 7 (32-bit, 64-bit), Vista (32-bit, 64-bit), XP - ThinkPad


Intel Wireless LAN (11abgn, abg, bg) 
exe 
242.48 MB Windows 7 (32-bit)
Windows 7 (64-bit)
Windows Vista (32-Bit)
Windows Vista (64-Bit)
Windows XP (32-bit)
14.03.0000 7/17/2012
CheckSum
MD5: effeb23e7540d335f6ab738e3304b62c 
SHA1: a18d64b3b778d0e26cc4bc836912494853ef0c36 
SHA-256: 5c927c90272e8033198873cd2e76413c13debad7e125199b0adf4563874df7d3 
--2016-03-11 14:17:14--  https://download.lenovo.com/ibmdl/pub/pc/pccbbs/mobiles/8aw217ww.exe


README for Intel Wireless LAN (11abgn, abg, bg) 
txtreadme 
60.15 KB Windows 7 (32-bit)
Windows 7 (64-bit)
Windows Vista (32-Bit)
Windows Vista (64-Bit)
Windows XP (32-bit)
14.03.0000 7/17/2012
CheckSum
MD5: 484ce5761dc0e23aeae8c4d4fb2688df 
SHA1: fce9149eac9e9b9aa8096babae383a81ae5c64ba 
SHA-256: 0c7a7917fb65e785aa88eeb2d5e071992a86b41acc70877e449d5ba7f1016a68
--2016-03-11 14:18:40--  https://download.lenovo.com/ibmdl/pub/pc/pccbbs/mobiles/8aw217ww.txt


5c927c90272e8033198873cd2e76413c13debad7e125199b0adf4563874df7d3  8aw217ww.exe
0c7a7917fb65e785aa88eeb2d5e071992a86b41acc70877e449d5ba7f1016a68  8aw217ww.txt

