Patch module for Power Manager for Windows 7 (32-bit, 64-bit), Vista (32-bit, 64-bit) - ThinkPad


Patch module for Power Manager 
exe 
7.5 MB Windows 7 (32-bit)
Windows 7 (64-bit)
Windows Vista (32-Bit)
Windows Vista (64-Bit)
1 11/5/2012
CheckSum
MD5: c64efa6739e10a619e40d02dcb40ff53 
SHA1: 917920475c1cc7bd2bc21e16cf847d97cba51941 
SHA-256: 4d942f6099e9af0b400f31a2a4279483963c09c2eacce4d1a26bc8c746269825 
--2016-03-11 21:17:14--  https://download.lenovo.com/ibmdl/pub/pc/pccbbs/mobiles/00u430us.exe
Resolving download.lenovo.com... 2.21.161.122
^ SLOW!
was fast this one: 23.7.205.232

README for Patch module for Power Manager 
txtreadme 
6.2 KB Windows 7 (32-bit)
Windows 7 (64-bit)
Windows Vista (32-Bit)
Windows Vista (64-Bit)
1 11/5/2012
CheckSum
MD5: 5974d1a6b5122d542a2a721d2b7c8822 
SHA1: 7c7570505aa38f9b3f3ad9a0d6421581f952813d 
SHA-256: 2574348f24c92318e57af8fea7a23dae2fac802bc04847eae2a1ace78d6dcc9d 
--2016-03-11 21:21:18--  https://download.lenovo.com/ibmdl/pub/pc/pccbbs/mobiles/00u430us.txt




4d942f6099e9af0b400f31a2a4279483963c09c2eacce4d1a26bc8c746269825  00u430us.exe
2574348f24c92318e57af8fea7a23dae2fac802bc04847eae2a1ace78d6dcc9d  00u430us.txt
