Patch to resolve language (FR / SV /DK) unmatch issue for Device Stage 3.2


Patch to resolve language (FR / SV /DK) unmatch issue for Device Stage 3.2 
txtreadme 
6.3 KB Windows 7 (32-bit)
Windows 7 (64-bit)
1.1 9/5/2012
CheckSum
MD5: a04eb701cd24ca97258b70d22c7cb1aa 
SHA1: 5745def6dab807abcc4cedce0f51c15b1c651211 
SHA-256: f898a2ab6b34c114a78c2f291be203c5d75d79037cfce2d7307d4f6865642cea 
--2016-03-11 18:33:56--  https://download.lenovo.com/ibmdl/pub/pc/pccbbs/mobiles/devicestage32_patch_readme.txt


Patch to resolve language (FR / SV /DK) unmatch issue for Device Stage 3.2 
exe 
13 MB Windows 7 (32-bit)
Windows 7 (64-bit)
1.1 9/5/2012
CheckSum
MD5: 3271c494d9ee06da3340612a8ca11408 
SHA1: 9b14fdc48d81513e96237187cea9369c80bff917 
SHA-256: bede6ef4e084b594d4af50746c32b21556be4a4fa40eaf3f69593ec8dda00377 
--2016-03-11 18:34:09--  https://download.lenovo.com/ibmdl/pub/pc/pccbbs/mobiles/lds_update_language.exe



bede6ef4e084b594d4af50746c32b21556be4a4fa40eaf3f69593ec8dda00377  lds_update_language.exe
f898a2ab6b34c114a78c2f291be203c5d75d79037cfce2d7307d4f6865642cea  devicestage32_patch_readme.txt


