Windows 7 (32-bit, 64-bit) Update Module KB975851 (WW) - ThinkPad


Windows 7 Update Module KB975851 (Windows 64-bit) 
exe 
1.36 MB Windows 7 (64-bit)
1 7/5/2011
CheckSum
MD5: 1bc99df0843f83d36b5aae044a0f5a67 
SHA1: 36d7e5f110159b26cba446a725e6af663f917f00 
SHA-256: e078cc353cc009d7186361fc44b27805592d3e9e643714e237ff332521ed081d 
--2016-03-11 21:02:56--  https://download.lenovo.com/ibmdl/pub/pc/pccbbs/mobiles/os7019ww_64.exe


README for Windows 7 Update Module KB975851 
txtreadme 
7.15 KB Windows 7 (32-bit)
Windows 7 (64-bit)
1 7/5/2011
CheckSum
MD5: 7e363dfdc90f5262f1b4c77e54f4c279 
SHA1: fbca89760334c64aaa90a4a0d6ff82078c5da194 
SHA-256: 05b6c3276eff31c26b0a67135ea99640cbd6ea4e6acedf821fc774bf228cdc90 
--2016-03-11 21:03:08--  https://download.lenovo.com/ibmdl/pub/pc/pccbbs/mobiles/os7019us.txt





e078cc353cc009d7186361fc44b27805592d3e9e643714e237ff332521ed081d  os7019ww_64.exe
05b6c3276eff31c26b0a67135ea99640cbd6ea4e6acedf821fc774bf228cdc90  os7019us.txt
