DVD Multi drive firmware update utility for Windows 7 (32-bit, 64-bit), Vista (32-bit, 64-bit), XP (32-bit, 64-bit) - ThinkPad


README for DVD Firmware Update Utility 
txtreadme 
11.05 KB Windows 7 (32-bit)
Windows 7 (64-bit)
Windows Vista (32-Bit)
Windows Vista (64-Bit)
Windows XP (32-bit)
FWSB11 10/9/2013
CheckSum
MD5: 9a3272993a7786de32baa4b9f42dee62 
SHA1: 1e8d1da8e62644f20e188c900aa7dc3312c64d69 
SHA-256: 35387f33b0f98352a9b79cf511fd2aca6e73c81c7aa6bbde89f8bf87dcd85af3 
--2016-03-11 14:13:07--  https://download.lenovo.com/ibmdl/pub/pc/pccbbs/mobiles/fwsb11en.txt



DVD Firmware Update Utility 

21.44 MB Windows 7 (32-bit)
Windows 7 (64-bit)
Windows Vista (32-Bit)
Windows Vista (64-Bit)
Windows XP (32-bit)
FWSB11 10/9/2013
CheckSum
MD5: 9a78efa544d82f98ca3ede63bf6592fb 
SHA1: 68b3341b73f3c8d3b0861c625ffdb5712d5835c1 
SHA-256: a7ab919e575d54431c085834bc634fbe63ec02a2f39bf978661b77c510882bc9
--2016-03-11 14:13:22--  https://download.lenovo.com/ibmdl/pub/pc/pccbbs/mobiles/fwsb11.zip


a7ab919e575d54431c085834bc634fbe63ec02a2f39bf978661b77c510882bc9  fwsb11.zip
sha256sum: '*.exe': No such file or directory
35387f33b0f98352a9b79cf511fd2aca6e73c81c7aa6bbde89f8bf87dcd85af3  fwsb11en.txt

