Windows 7 (32-bit, 64-bit) Update Module KB976373 (WW) - ThinkPad


Windows 7 Update Module KB976373 (Windows 64-bit) 
exe 
1.55 MB Windows 7 (64-bit)
1 7/5/2011
CheckSum
MD5: 773df7d7015d85d15820c5a501e4815d 
SHA1: 5137c2229452dee3768cee6f322866d08642a81a 
SHA-256: a67c36dd0d1c0991508428f3cdd0eb0dc8fb76ebd0e1d720e5a3a5f070ac97f0 
--2016-03-11 21:06:24--  https://download.lenovo.com/ibmdl/pub/pc/pccbbs/mobiles/os7020ww_64.exe


README for Windows 7 Update Module KB976373 
txtreadme 
7.37 KB Windows 7 (32-bit)
Windows 7 (64-bit)
1 7/5/2011
CheckSum
MD5: a074ce95353ae9da1579e73ee0aaea31 
SHA1: 223d0e781de9e0f09e35b3e44ba9359b8cf93b23 
SHA-256: ad66f315b28b19791d8fc81b694f0e80d874e81ed0a96871a4a1828ff6302522 
--2016-03-11 21:06:47--  https://download.lenovo.com/ibmdl/pub/pc/pccbbs/mobiles/os7020us.txt



a67c36dd0d1c0991508428f3cdd0eb0dc8fb76ebd0e1d720e5a3a5f070ac97f0  os7020ww_64.exe
ad66f315b28b19791d8fc81b694f0e80d874e81ed0a96871a4a1828ff6302522  os7020us.txt
