Windows 7 (32-bit, 64-bit) Update Module KB975599 (WW) - ThinkPad


Windows 7 Update Module KB975599 (Windows 64-bit) 
exe 
1.27 MB Windows 7 (64-bit)
1 2/15/2011
CheckSum
MD5: faac70035e31cbd60216c99479e533f3 
SHA1: 56cd28cb07de9c0ce88ea477c634bda2bda34df7 
SHA-256: 758f35941b4e690319c29f63787867475505d6ee1001e3060c10ddb5d36461ea 
--2016-03-11 20:59:37--  https://download.lenovo.com/ibmdl/pub/pc/pccbbs/mobiles/os7016ww_64.exe


README for Windows 7 Update Module KB975599 
txtreadme 
7.35 KB Windows 7 (32-bit)
Windows 7 (64-bit)
1 2/15/2011
CheckSum
MD5: a2ad3b78bbbf2e4e22b3dc5f52274186 
SHA1: 9a16b1d18e91bdbda8bec00c4653aca675d7fb23 
SHA-256: b761e53e7e8e1a2d2967b6c35dd3b13ddb2dbd792c2866b4d303f5982adce34f 
--2016-03-11 21:00:33--  https://download.lenovo.com/ibmdl/pub/pc/pccbbs/mobiles/os7016us.txt


758f35941b4e690319c29f63787867475505d6ee1001e3060c10ddb5d36461ea  os7016ww_64.exe
b761e53e7e8e1a2d2967b6c35dd3b13ddb2dbd792c2866b4d303f5982adce34f  os7016us.txt



