Windows 7 (32-bit, 64-bit) Update Module KB978258 (WW) - ThinkPad

(ommitted 32bit version)
get it from here: http://support.lenovo.com/hu/en/products/laptops-and-netbooks/thinkpad-t-series-laptops/thinkpad-t400/downloads/DS013719

Windows 7 Update Module KB978258 (Windows 64-bit) 
exe 
1.59 MB Windows 7 (64-bit)
1 1/29/2010
CheckSum
MD5: 14716cfcf59f8d661dba0fe1d7006597 
SHA1: 2be7d2614d0094308eb075eb9501a11ce0578dd3 
SHA-256: 097184f5ff1e6391ba1694f597cf3ae3334b2ffbbe75a1308ab2ac1dffd8e9e9 
--2016-03-11 20:51:31--  https://download.lenovo.com/ibmdl/pub/pc/pccbbs/mobiles/os7006ww_64.exe


README for Windows 7 Update Module KB978258 
txtreadme 
7.13 KB Windows 7 (32-bit)
Windows 7 (64-bit)
1 1/29/2010
CheckSum
MD5: 1742e9de02fe17a49add0ff812232486 
SHA1: f242067cd495a2d20f9fd34ad9e2b38773d48da3 
SHA-256: b8571bdaac6c53ce52ccb720feec6767b6a8422da4cfbb82640a2cd8f3e68269 
--2016-03-11 20:51:44--  https://download.lenovo.com/ibmdl/pub/pc/pccbbs/mobiles/os7006us.txt


097184f5ff1e6391ba1694f597cf3ae3334b2ffbbe75a1308ab2ac1dffd8e9e9  os7006ww_64.exe
b8571bdaac6c53ce52ccb720feec6767b6a8422da4cfbb82640a2cd8f3e68269  os7006us.txt



