Rescue and Recovery Cumulative WER patch for Windows 7, Vista, XP


Rescue and Recovery Cumulative WER patch for Windows Vista 
exe 
1.9 MB Windows Vista (32-Bit)
Windows Vista (64-Bit)
1.1.1.0 9/7/2010
CheckSum
MD5: 535c76fe3cd476df822fc8671cb15974 
SHA1: 812c616fddebf72171da9736e3d33e064c65c1a6 
SHA-256: 02c0a821aad041c845f7bc0457e56fa7a4270d0bc751bcf4740f98300f386487 
--2016-03-12 09:34:12--  https://download.lenovo.com/ibmdl/pub/pc/pccbbs/thinkvantage_en/tvtrnr_r2r_pdb_vista.exe


Installation instructions for Rescue and Recovery Cumulative WER patch for Windows Vista 
txtreadme 
4.15 MB Windows Vista (32-Bit)
Windows Vista (64-Bit)
1.1.1.0 9/7/2010
CheckSum
MD5: d7a65466bee6873df1c5bdfccd2621ba 
SHA1: d182862f5ca3ac2ac7110200bb121a2541e7d8d0 
SHA-256: 9c79057267036bb0a3d4f7dfd26725f41c3562ec585ae9ce5bbe47fb57483744 
--2016-03-12 09:34:25--  https://download.lenovo.com/ibmdl/pub/pc/pccbbs/thinkvantage_en/tvtrnr_r2r_pdb_vista.txt



Rescue and Recovery Cumulative WER patch for Windows XP 
exe 
1.61 MB Windows XP (32-bit)
1.1.1.0 9/7/2010
CheckSum
MD5: 446db66c32ab988bd5bdec3dbb1115b8 
SHA1: 80e43a95016f53fef3404bd1a38e69fe2e0b6a9c 
SHA-256: 33676fdbd208e0977aec7f716f7798018545fca29c1a03d336fa83def14b639a 
--2016-03-12 09:34:39--  https://download.lenovo.com/ibmdl/pub/pc/pccbbs/thinkvantage_en/tvtrnr_r2r_pdb_xp.exe


Installation instructions for Rescue and Recovery Cumulative WER patch for Windows XP 
txtreadme 
4.13 KB Windows XP (32-bit)
1.1.1.0 9/7/2010
CheckSum
MD5: f2567aa7a2b1906a59e5866ca6eea272 
SHA1: 63c8915cd17483e8d4e17c08b45296a2542a2fe4 
SHA-256: e769ac0abfa563b059b5d7995ccce0432b340c9e373b749c6e302a951030cd7a 
--2016-03-12 09:34:58--  https://download.lenovo.com/ibmdl/pub/pc/pccbbs/thinkvantage_en/tvtrnr_r2r_pdb_xp.txt


9c79057267036bb0a3d4f7dfd26725f41c3562ec585ae9ce5bbe47fb57483744  tvtrnr_r2r_pdb_vista.txt
e769ac0abfa563b059b5d7995ccce0432b340c9e373b749c6e302a951030cd7a  tvtrnr_r2r_pdb_xp.txt
02c0a821aad041c845f7bc0457e56fa7a4270d0bc751bcf4740f98300f386487  tvtrnr_r2r_pdb_vista.exe
33676fdbd208e0977aec7f716f7798018545fca29c1a03d336fa83def14b639a  tvtrnr_r2r_pdb_xp.exe
