Intel Wireless WiMAX 5150 and 5350 for Windows 7 (32-bit, 64-bit) - ThinkPad


Intel WiMAX/WiFi 5150 and 5350 
exe 
19.07 MB Windows 7 (32-bit)
Windows 7 (64-bit)
Ver.1.05.2000 (?????) 6/11/2010
CheckSum
MD5: 43c835d72248db460ef0056e40c65b75 
SHA1: fa5591a2a84930d7c17023cf97a7273bbbc0d117 
SHA-256: cf77f766b5ccb4c3ef134daba415895adda0cd2da54709cb01622470aa617044 
--2016-03-11 18:43:45--  https://download.lenovo.com/ibmdl/pub/pc/pccbbs/mobiles/6jws24ww.exe



README for Intel WiMAX/WiFi 5150 and 5350 

15.44 KB Windows 7 (32-bit)
Windows 7 (64-bit)
Ver.1.05.2000 (?????) 6/11/2010
CheckSum
MD5: d2298a1d4dabd94bfd57a8af756d5782 
SHA1: 4a3563368ebc6325b89b9835494ffb0eacb84cca 
SHA-256: 47ff3106fa6e62f1a38667e26b2f4339553ab0af46d2dbecce0a6d140f4e21ad 
--2016-03-11 18:44:06--  https://download.lenovo.com/ibmdl/pub/pc/pccbbs/mobiles/6jws24ww.txt


cf77f766b5ccb4c3ef134daba415895adda0cd2da54709cb01622470aa617044  6jws24ww.exe
47ff3106fa6e62f1a38667e26b2f4339553ab0af46d2dbecce0a6d140f4e21ad  6jws24ww.txt



