ThinkVantage System Update for Windows 10 (32-bit, 64-bit), 8.1 (32-bit, 64-bit), 8 (32-bit, 64-bit), 7 (32-bit, 64-bit) - Desktop, Notebook, Workstation

ThinkVantage System Update 
exe 
12.4 MB Windows 10 (32-bit)
Windows 10 (64-bit)
Windows 8.1 (32-bit)
Windows 8.1 (64-bit)
Windows 8 (32-bit)
Windows 8 (64-bit)
Windows 7 (32-bit)
Windows 7 (64-bit)
5.07.0022 1/27/2016
CheckSum
MD5: a59288f759a4b7fdec7fad4f8b28d99c 
SHA1: 7c55da82979cf4289f1e583b120916b331f2b607 
SHA-256: be3eedff94769172108d9ad4736f28515326d5eaed2f6f51f51ba3cc2129472d 
--2016-03-11 13:54:08--  https://download.lenovo.com/pccbbs/thinkvantage_en/systemupdate507-2016-01-13.exe


README for ThinkVantage System Update 
txtreadme 
13.6 KB Windows 10 (32-bit)
Windows 10 (64-bit)
Windows 8.1 (32-bit)
Windows 8.1 (64-bit)
Windows 8 (32-bit)
Windows 8 (64-bit)
Windows 7 (32-bit)
Windows 7 (64-bit)
5.07.0022 1/27/2016
CheckSum
MD5: 8443cdd569b23392f4bb274cc08e6f67 
SHA1: 6f3d424a7be1ed99b94e5d4d652f681cfad95e92 
SHA-256: f97524bafc17ce350ea3de4d3819366f153d4df134fcdabff60a7a72ebf2d4ca 
--2016-03-11 13:54:28--  https://download.lenovo.com/pccbbs/thinkvantage_en/systemupdate507-2016-01-13.txt

be3eedff94769172108d9ad4736f28515326d5eaed2f6f51f51ba3cc2129472d  systemupdate507-2016-01-13.exe
f97524bafc17ce350ea3de4d3819366f153d4df134fcdabff60a7a72ebf2d4ca  systemupdate507-2016-01-13.txt

