
Lenovo Solution Center for Windows 64-bit 
exe 
42 MB Windows 10 (64-bit)
Windows 8.1 (64-bit)
Windows 8 (64-bit)
Windows 7 (64-bit)
2.8.007 2/10/2016
CheckSum
MD5: 36494428F234A912D14768E8B5FA4AEC 
SHA1: 29427726B7A2B7DAD4CA82C7D98D66654E926FF6 
SHA-256: FB773B774020CD6383AE6E116C52D432CF4D23C3E1D8B443F6353EEB3BDFF450 
--2016-03-11 13:39:44--  https://download.lenovo.com/pccbbs/thinkvantage_en/lscsetup_x64_28007.exe


README for Lenovo Solution Center for Windows 64-bit 
txtreadme 
7.2 KB Windows 10 (64-bit)
Windows 8.1 (64-bit)
Windows 8 (64-bit)
Windows 7 (64-bit)
2.8.007 2/10/2016
CheckSum
MD5: c1d9101227640431b03229cb8c973367 
SHA1: f53705775a005b06c005e5b267f324ef9958c403 
SHA-256: e2e30005dda93f69bee52e2990668fd2c406d937da5445e8863a846eca537b17 
--2016-03-11 13:40:22--  https://download.lenovo.com/pccbbs/thinkvantage_en/lscsetup_x64_28007.txt

fb773b774020cd6383ae6e116c52d432cf4d23c3e1d8b443f6353eeb3bdff450  lscsetup_x64_28007.exe
e2e30005dda93f69bee52e2990668fd2c406d937da5445e8863a846eca537b17  lscsetup_x64_28007.txt


