Ethernet driver (Intel PRO/1000 LAN adapter software) for Windows 7 (32-bit, 64-bit), XP - ThinkPad

(ommited the 32bit windows version driver here)


Intel PRO/1000 LAN Adapter Software(Gigabit Ethernet Driver) for 64-bit 
exe 
19.83 MB Windows 7 (64-bit)
10.1.9.0 7/5/2011
CheckSum
MD5: 00b4e79f9784a11bac71d1653aa81280 
SHA1: 01011a4b433f91f2036968ef60f6893e70e3b317 
SHA-256: 4c35fa7128467ffaefe4ddcffdbb8c5138b1136452dfcc0229115dea9b20b797 
--2016-03-11 18:31:46--  https://download.lenovo.com/ibmdl/pub/pc/pccbbs/mobiles/7vr722ww_64.exe


README for Intel PRO/1000 LAN Adapter Software(Gigabit Ethernet Driver) 
txtreadme 
9.31 KB Windows 7 (32-bit)
Windows 7 (64-bit)
10.1.9.0 7/5/2011
CheckSum
MD5: 59c313ddafe1c9f0bc688d99ce64f73d 
SHA1: c182506fae71a7715c8aab3074c497be0991e9f4 
SHA-256: 050c6a368ad0491a845fc6533bed0d60736250ce167fb7a2ddb425d9e30ca5ea
--2016-03-11 18:32:13--  https://download.lenovo.com/ibmdl/pub/pc/pccbbs/mobiles/7vr722ww.txt


4c35fa7128467ffaefe4ddcffdbb8c5138b1136452dfcc0229115dea9b20b797  7vr722ww_64.exe
050c6a368ad0491a845fc6533bed0d60736250ce167fb7a2ddb425d9e30ca5ea  7vr722ww.txt


