Windows 7 (32-bit, 64-bit) Update Module KB981351 (WW) - ThinkPad

Windows 7 Update Module KB981351 (Windows 64-bit) 
exe 
1.73 MB Windows 7 (64-bit)
1 9/3/2010
CheckSum
MD5: 9b2c65f68858c89b8f8f91d1ad7cafb3 
SHA1: 7466ed9c2c64042e68dec81813aafc666a6fc3d2 
SHA-256: 29835efd0a4dc3d5b551412f657f862f2780c0c9430fd86a31b417a20ac17eea 
--2016-03-11 20:57:10--  https://download.lenovo.com/ibmdl/pub/pc/pccbbs/mobiles/os7012ww_64.exe


README for Windows 7 Update Module KB981351 
txtreadme 
7.3 KB Windows 7 (32-bit)
Windows 7 (64-bit)
1 9/3/2010
CheckSum
MD5: 9386ce20ba63652ad9c05dfd6ac30b42 
SHA1: 08b04ed087f9949a4694fa884cff214fde01b081 
SHA-256: 3cf56f3af976db5c5d06bf761917561dd929b7e72e27aee692cf71404ecc4e76 
--2016-03-11 20:57:21--  https://download.lenovo.com/ibmdl/pub/pc/pccbbs/mobiles/os7012us.txt


29835efd0a4dc3d5b551412f657f862f2780c0c9430fd86a31b417a20ac17eea  os7012ww_64.exe
3cf56f3af976db5c5d06bf761917561dd929b7e72e27aee692cf71404ecc4e76  os7012us.txt


