Intel WiMAX 6250 AGN for Windows 8 (32-bit, 64-bit), 7 (32-bit, 64-bit), Vista (32-bit, 64-bit), XP - ThinkPad

Intel WiMAX 6250 AGN 
exe 
77.51 MB Windows 7 (32-bit)
Windows 7 (64-bit)
Windows 8 (32-bit)
Windows 8 (64-bit)
Windows Vista (32-Bit)
Windows Vista (64-Bit)
Windows XP (32-bit)
7.5.0.0000 11/20/2012
CheckSum
MD5: 6abb5f547acc23c2dd0da0b8ded84194 
SHA1: 86e5fa0cf921dc6e1c5e7d70a0da412a794c60b5 
SHA-256: b7b1567dea5bd448c9b7b1f1c7e8af4a70c22e0d33a4da5ae23dd49cfe211f89 
--2016-03-11 14:03:25--  https://download.lenovo.com/ibmdl/pub/pc/pccbbs/mobiles/8awj15ww.exe



README for Intel WiMAX 6250 AGN 
txtreadme 
33 KB Windows 7 (32-bit)
Windows 7 (64-bit)
Windows 8 (32-bit)
Windows 8 (64-bit)
Windows Vista (32-Bit)
Windows Vista (64-Bit)
Windows XP (32-bit)
7.5.0.0000 11/20/2012
CheckSum
MD5: 0127a84f9141410dfe20658ffa50b224 
SHA1: 0e4da723d1f8ef1b13c944c3f654aee327937862 
SHA-256: bedbf939f4b2c5c2d07eddfad9e76b9c3a0a1e0aa96a2a74705561c416c5ebcb 
--2016-03-11 14:03:10--  https://download.lenovo.com/ibmdl/pub/pc/pccbbs/mobiles/8awj15ww.txt


b7b1567dea5bd448c9b7b1f1c7e8af4a70c22e0d33a4da5ae23dd49cfe211f89  8awj15ww.exe
bedbf939f4b2c5c2d07eddfad9e76b9c3a0a1e0aa96a2a74705561c416c5ebcb  8awj15ww.txt

