UltraNav Utility for Windows 7 (32-bit, 64-bit), Vista (32-bit, 64-bit), XP (32-bit, 64-bit) - ThinkPad

ThinkPad UltraNav Utility 
exe 
3.25 MB Windows 7 (32-bit)
Windows 7 (64-bit)
Windows Vista (32-Bit)
Windows Vista (64-Bit)
Windows XP (32-bit)
2.13 9/17/2010
CheckSum
MD5: e722886734cb65f7eb55697403f1c214 
SHA1: bc6ae43e54da7ff8176f32303fbad09aac72e698 
SHA-256: 29abb43545f27e0c9221fb694e8e767788ba6a9ffa9196b56eff6e4ba4b00c9d 
--2016-03-11 14:11:31--  https://download.lenovo.com/ibmdl/pub/pc/pccbbs/mobiles/7vgq14ww.exe


README for ThinkPad UltraNav Utility
txtreadme 
11.8 KB Windows 7 (32-bit)
Windows 7 (64-bit)
Windows Vista (32-Bit)
Windows Vista (64-Bit)
Windows XP (32-bit)
2.13 9/17/2010
CheckSum
MD5: 9841587dd9edf0ee84295ce38bfeca51 
SHA1: 3c5d773e80919f841da8a79fc9d7308c454b6161 
SHA-256: cd08d34081ea81bb7f779a27394130761a77191d1924192e18906a05c0f5aba1
--2016-03-11 14:11:48--  https://download.lenovo.com/ibmdl/pub/pc/pccbbs/mobiles/7vgq14ww.txt

29abb43545f27e0c9221fb694e8e767788ba6a9ffa9196b56eff6e4ba4b00c9d  7vgq14ww.exe
cd08d34081ea81bb7f779a27394130761a77191d1924192e18906a05c0f5aba1  7vgq14ww.txt

