Device Experience for Windows 7 (32-bit, 64-bit) - ThinkPad


ThinkPad Device Experience 
exe 
111.43 MB Windows 7 (32-bit)
Windows 7 (64-bit)
3.2 5/27/2012
CheckSum
MD5: e34daf8904064d4f30b7b26716761ceb 
SHA1: 928d319d755093b9aa79b0031350363fdee5c225 
SHA-256: 24392c2e07c8fb5127cc22592e5ddcf3c91f8353fbd99e8c710f0b4af2f375c3 
--2016-03-11 16:47:54--  https://download.lenovo.com/ibmdl/pub/pc/pccbbs/mobiles/dsltttp32.exe


README for ThinkPad Device Experience 
txtreadme 
2.2 KB Windows 7 (32-bit)
Windows 7 (64-bit)
3.2 5/27/2012
CheckSum
MD5: 6fb7aef2799c22cefad89256b45681ed 
SHA1: 1edc148e5f04d9dadf495bfc592461aa76f20b4d 
SHA-256: d27dcaab7f27320ec7486f4a37fc61412073782397d5501d49e13a80317ca75d 
--2016-03-11 16:49:11--  https://download.lenovo.com/ibmdl/pub/pc/pccbbs/mobiles/dsltttp32.txt


24392c2e07c8fb5127cc22592e5ddcf3c91f8353fbd99e8c710f0b4af2f375c3  dsltttp32.exe
d27dcaab7f27320ec7486f4a37fc61412073782397d5501d49e13a80317ca75d  dsltttp32.txt


