Enabling Wake on LAN from Standby for ENERGY STAR Version 4.0 for Windows 10 (32-bit, 64-bit), 8.1 (32-bit, 64-bit), 8 (32-bit, 64-bit), 7 (32-bit, 64-bit), Vista (32-bit, 64-bit), XP (32-bit, 64-bit) - ThinkPad

Enabling Wake on LAN from Standby for ENERGY STAR Version 4.0 
exe 
360.6 KB Windows 10 (32-bit)
Windows 10 (64-bit)
Windows 8.1 (32-bit)
Windows 8.1 (64-bit)
Windows 8 (32-bit)
Windows 8 (64-bit)
Windows 7 (32-bit)
Windows 7 (64-bit)
Windows Vista (32-Bit)
Windows Vista (64-Bit)
Windows XP (32-bit)
Windows XP (64-bit)
1.08 7/8/2015
CheckSum
MD5: f16aab73c93fcbbbd47fc5e1c011c7c3 
SHA1: d3d087c12a3069e8abac6c1d7f58ce633258be4a 
SHA-256: 01f310ffcad33ef7a4a4200ec484a6680eff4822f3cbf9726a406b1586b43e84 
--2016-03-11 14:00:13--  https://download.lenovo.com/ibmdl/pub/pc/pccbbs/mobiles/osfj09ww.exe



README for Enabling Wake on LAN from Standby for ENERGY STAR Version 4.0 
txtreadme 
14.5 KB Windows 10 (32-bit)
Windows 10 (64-bit)
Windows 8.1 (32-bit)
Windows 8.1 (64-bit)
Windows 8 (32-bit)
Windows 8 (64-bit)
Windows 7 (32-bit)
Windows 7 (64-bit)
Windows Vista (32-Bit)
Windows Vista (64-Bit)
Windows XP (32-bit)
Windows XP (64-bit)
1.08 7/8/2015
CheckSum
MD5: a9ac1d9b29834a82b44742d7b6eba7f1 
SHA1: 13fe22f528acb640770f8f22c792607575402fc5 
SHA-256: b2d6bdf61926b4913c8e6860772d8580a7b1e409281b713afe04d0f76276393c
--2016-03-11 13:59:47--  https://download.lenovo.com/ibmdl/pub/pc/pccbbs/mobiles/osfj09ww.txt


01f310ffcad33ef7a4a4200ec484a6680eff4822f3cbf9726a406b1586b43e84  osfj09ww.exe
b2d6bdf61926b4913c8e6860772d8580a7b1e409281b713afe04d0f76276393c  osfj09ww.txt

