Intel AMT 4.2 Management Engine (ME) Firmware for Windows 7 (32-bit, 64-bit), Vista (32-bit, 64-bit), XP - ThinkPad R400, T400, T400s, T500, W500, W700, W700ds, X200, X200s, X200 Tablet, X301


Intel AMT 4.2 - Management Engine Firmware 
exe 
2.54 MB Windows 7 (32-bit)
Windows 7 (64-bit)
Windows Vista (32-Bit)
Windows Vista (64-Bit)
Windows XP (32-bit)
Windows XP (64-bit)
4.2.60.1060 7/30/2012
CheckSum
MD5: 8a3d9728ae47e8c1b7c4fd9d23fee9e3 
SHA1: 778908973e047d71c8de08b8d5f09e8e561d2e0a 
SHA-256: e7bf2a73642739186336545ec634cd2152ba60e740c9ed227620da835855b0cc 
--2016-03-11 14:20:07--  https://download.lenovo.com/ibmdl/pub/pc/pccbbs/mobiles/7ur6cdww.exe



README for Management Engine Firmware Update Utility 
txtreadme 
18.4 KB Windows 7 (32-bit)
Windows 7 (64-bit)
Windows Vista (32-Bit)
Windows Vista (64-Bit)
Windows XP (32-bit)
Windows XP (64-bit)
4.2.60.1060 7/30/2012
CheckSum
MD5: 899bad0da9e2b4011144e4965690257f 
SHA1: 9aef329d1d44b2c8c66c7c4e9cb1914a406f9813 
SHA-256: 8c9ce78d7e79111e2beb8bcc44eb6b2c20bdf1f1f80fb8ede78764354ade53dc
--2016-03-11 14:20:21--  https://download.lenovo.com/ibmdl/pub/pc/pccbbs/mobiles/7ur6cdww.txt


e7bf2a73642739186336545ec634cd2152ba60e740c9ed227620da835855b0cc  7ur6cdww.exe
8c9ce78d7e79111e2beb8bcc44eb6b2c20bdf1f1f80fb8ede78764354ade53dc  7ur6cdww.txt



