Intel Chipset Support for Windows 8 (32-bit, 64-bit), 7 (32-bit, 64-bit), Vista (32-bit, 64-bit), XP (32-bit, 64-bit) - ThinkPad


Intel Chipset Support (WW) 
exe 
2 MB Windows 7 (32-bit)
Windows 7 (64-bit)
Windows 8 (32-bit)
Windows 8 (64-bit)
Windows Vista (32-Bit)
Windows Vista (64-Bit)
Windows XP (32-bit)
9.3.0.1021 10/19/2012
CheckSum
MD5: 74449517808051f2746d62e9c6d2c2c1 
SHA1: cb4ea389edc69d94227335620b2b53b59bab13a4 
SHA-256: 004ea568ce412ffd0c62072035491c5b111ca9cf2db534dc96ebe0cb1fed8d3f 
--2016-03-11 17:45:31--  https://download.lenovo.com/ibmdl/pub/pc/pccbbs/mobiles/g1ic09ww.exe


README for Intel Chipset Support (WW) 
txtreadme 
8.7 KB Windows 7 (32-bit)
Windows 7 (64-bit)
Windows 8 (32-bit)
Windows 8 (64-bit)
Windows Vista (32-Bit)
Windows Vista (64-Bit)
Windows XP (32-bit)
9.3.0.1021 10/19/2012
CheckSum
MD5: 8b8b669f45b9992b5acf5737335e06b1 
SHA1: 2989ebd58e4d8280a8195f2ed369cad701cc3ab5 
SHA-256: e205c986a6c6d95dc551822b24094572345be9ce85301b7854af4ca0eb3ee50f 
--2016-03-11 17:45:45--  https://download.lenovo.com/ibmdl/pub/pc/pccbbs/mobiles/g1ic09ww.txt

004ea568ce412ffd0c62072035491c5b111ca9cf2db534dc96ebe0cb1fed8d3f  g1ic09ww.exe
e205c986a6c6d95dc551822b24094572345be9ce85301b7854af4ca0eb3ee50f  g1ic09ww.txt



