Windows 7 (32-bit, 64-bit) Update Module KB974410 (WW) - ThinkPad



Windows 7 Update Module KB974410 (Windows 64-bit) 
exe 
1.59 MB Windows 7 (64-bit)
1 7/5/2011
CheckSum
MD5: 6b719891589b81422056400dc3cbd5e5 
SHA1: 906e3aa442946964054469564b11502f89178c8c 
SHA-256: 1ab0e93e736c8528bd930d94bce88c2f073ee099b8feddfb56512bfc68e3ac5a 
--2016-03-11 21:04:57--  https://download.lenovo.com/ibmdl/pub/pc/pccbbs/mobiles/os7018ww_64.exe


README for Windows 7 Update Module KB974410 
txtreadme 
7.18 KB Windows 7 (32-bit)
Windows 7 (64-bit)
1 7/5/2011
CheckSum
MD5: efbb2e6eba1f2ed0a07b0609696f8c2a 
SHA1: 475a09bf1a7835785b4e08c6d59ddd7a045e53ad 
SHA-256: 5e0d405729358bffe260b8e83d691fe55128390154fd3d3757e17d277eb1e6a9 
--2016-03-11 21:05:21--  https://download.lenovo.com/ibmdl/pub/pc/pccbbs/mobiles/os7018us.txt





1ab0e93e736c8528bd930d94bce88c2f073ee099b8feddfb56512bfc68e3ac5a  os7018ww_64.exe
5e0d405729358bffe260b8e83d691fe55128390154fd3d3757e17d277eb1e6a9  os7018us.txt
