2.5 inch SATA Hard Drive Firmware Update Utility (Bootable CD ISO) - ThinkPad


2.5 inch SATA Hard Drive Firmware Update Utility 
iso 
63.4 MB Nem alkalmazható
FWSH46 10/16/2015
CheckSum
MD5: bd665df823434d811603bbcda72e42e3 
SHA1: c9b40875a4d960a86e3162da333e5b8f9959afaf 
SHA-256: bfe2a7becd472f239edde28061baa7026235578364e0a24d37ca96a827b7dda5 
--2016-03-12 10:11:14--  https://download.lenovo.com/pccbbs/mobiles/fwsh46.iso


README for 2.5 inch SATA Hard Drive Firmware Update Utility 
txtreadme 
21.6 KB Nem alkalmazható
FWSH46 10/16/2015
CheckSum
MD5: 99858bc6f4b0e2781718612f3595b961 
SHA1: cd1afa34ce7e80c187d6a7e29f434c25128ef73c 
SHA-256: 1c4450c5ce467d1949161b409d0ca2841aa48c86f1e0dc19da62ac10cb0bb693 
--2016-03-12 10:11:59--  https://download.lenovo.com/pccbbs/mobiles/fwsh46en.txt



WRONG CHECKSUMS
c3689b01061df8085ab441b13d8f77234d5407b1c88039a7c3b0bb7ea29d0f57  fwsh46en.txt
bd9824c7cf9d98ca3e93345bf30ad783c4dd2ce56c963eb01d4f704abe1a3f8a  fwsh46.iso

