Windows 7 (32-bit, 64-bit) Update Module KB981112 (WW) - ThinkPad


Windows 7 Update Module KB981112 (Windows 64-bit) 
exe 
1.83 MB Windows 7 (64-bit)
1 6/11/2010
CheckSum
MD5: 3a4a266399fc69e953f5c16165c3fbc3 
SHA1: 2d9e7967f683126f04063498b166f577425fa3d2 
SHA-256: fb69c578121781d8796f4aa9c09f861ebec58354a0b3704f70b6caa451eff399 
--2016-03-11 20:56:04--  https://download.lenovo.com/ibmdl/pub/pc/pccbbs/mobiles/os7011ww_64.exe


README for Windows 7 Update Module KB981112 
txtreadme 
7.71 KB Windows 7 (32-bit)
Windows 7 (64-bit)
1 6/11/2010
CheckSum
MD5: b4b2982f9b19df66d9b5052c0659b8ec 
SHA1: 14ad71f3a69045c9dece2342acdff962be01ad19 
SHA-256: 25a8409c7d4c0f2014359aa95d51c8a0c13be13b2391f4e5843dc82b48d008ad 
--2016-03-11 20:56:15--  https://download.lenovo.com/ibmdl/pub/pc/pccbbs/mobiles/os7011us.txt


fb69c578121781d8796f4aa9c09f861ebec58354a0b3704f70b6caa451eff399  os7011ww_64.exe
25a8409c7d4c0f2014359aa95d51c8a0c13be13b2391f4e5843dc82b48d008ad  os7011us.txt

