Lenovo Power Management Driver for Windows 7 (32-bit, 64-bit) - LaptopnormalREADME for Lenovo Power Management Driver 46.3 KB 1.67.11.83/7/2016normalLenovo Power Management Driver 1.7 MB 1.67.11.83/7/2016

Lenovo Power Management Driver 
exe 
1.7 MB Windows 7 (32-bit)
Windows 7 (64-bit)
1.67.11.8 3/7/2016
CheckSum
MD5: 1dd4303282c1aefd04476031e8181b5b 
SHA1: 5caa73d5ea7e9dba57e60eb89fff9b10ca06f2fe 
SHA-256: e327fa37257ba93f6a079d65dd51cf800b6b88947f1a9d2e4e4b692c8012a47e 

--2016-03-11 13:21:10--  https://download.lenovo.com/pccbbs/mobiles/n1lku12w.exe


README for Lenovo Power Management Driver 
txtreadme 
46.3 KB Windows 7 (32-bit)
Windows 7 (64-bit)
1.67.11.8 3/7/2016
CheckSum
MD5: cb2ecdeb10587d5d4628c6317dcc0e40 
SHA1: 62525a0ef285e0024a40d926f552db8aa7178b38 
SHA-256: 6ecfa6749c5cbd8931aed2c81549fccdbccaf59607e209c42322ec560ea02b68

--2016-03-11 13:21:39--  https://download.lenovo.com/pccbbs/mobiles/n1lku12w.txt



