Hotkey Features patch for Windows 7 (32-bit, 64-bit), Vista (32-bit, 64-bit), XP (32-bit, 64-bit), 2000 - ThinkPad


Hotkey Features patch 
exe 
359.73 KB Windows 7 (32-bit)
Windows 7 (64-bit)
Windows Vista (32-Bit)
Windows Vista (64-Bit)
Windows XP (32-bit)
Build 01 10/14/2010
CheckSum
MD5: 735b78e1ead6510fd5266122af598ce7 
SHA1: 8a2da17693dd6203a2855bd0a330fa86824e4315 
SHA-256: 7196a73c589a7beae7b0e07bb7d0b9d7d1fc0d44c96281c1f4da8fdc4091bce5 
--2016-03-11 16:18:43--  https://download.lenovo.com/ibmdl/pub/pc/pccbbs/mobiles/00vu01ww.exe



README for Hotkey Features patch 
txtreadme 
5.79 KB Windows 7 (32-bit)
Windows 7 (64-bit)
Windows Vista (32-Bit)
Windows Vista (64-Bit)
Windows XP (32-bit)
Build 01 10/14/2010
CheckSum
MD5: 39c01d099f360db7fffeb0e4736c95c7 
SHA1: 9174ef41dda23f869010d80c74d1a7a7d7fe274a 
SHA-256: 59062ab503eb819b4fb77b34c45027edad83728224d4e155e35f47763d334281
--2016-03-11 16:18:10--  https://download.lenovo.com/ibmdl/pub/pc/pccbbs/mobiles/00vu01ww.txt

7196a73c589a7beae7b0e07bb7d0b9d7d1fc0d44c96281c1f4da8fdc4091bce5  00vu01ww.exe
59062ab503eb819b4fb77b34c45027edad83728224d4e155e35f47763d334281  00vu01ww.txt

