REACHit for Windows 8.1 (32-bit, 64-bit), 8 (32-bit, 64-bit), 7 (32-bit, 64-bit) - ThinkPad, ThinkCentre, ThinkStation


REACHit 
exe 
65.8 MB Windows 8.1 (32-bit)
Windows 8.1 (64-bit)
Windows 8 (32-bit)
Windows 8 (64-bit)
Windows 7 (32-bit)
Windows 7 (64-bit)
2.0.5.2 2/12/2015
CheckSum
MD5: fe23c352c7f2fda630277493db547590 
SHA1: 06aa9176ecf2d70c80a6775952924cd12007b56e 
SHA-256: 2713ea69e32b20795952b2d2b9d93d3dc1d2fe1d0a5c1f64cde5c3031c867fcc 
--2016-03-11 21:32:55--  https://download.lenovo.com/ibmdl/pub/pc/pccbbs/mobiles/reachit2052row.exe


README for REACHit 
txtreadme 
4.8 KB Windows 8.1 (32-bit)
Windows 8.1 (64-bit)
Windows 8 (32-bit)
Windows 8 (64-bit)
Windows 7 (32-bit)
Windows 7 (64-bit)
2.0.5.2 2/12/2015
CheckSum
MD5: bccd3b462165f96ec722f7cb8d20d892 
SHA1: 4379a2e04e08935aaf35585e651ab347e0d596e1 
SHA-256: 9b5bad9753df99d808a0bc6c2856078a81b146027dc96c97e3c8fd40f25bfae9 
--2016-03-11 21:33:26--  https://download.lenovo.com/ibmdl/pub/pc/pccbbs/mobiles/reachit2052row.txt






2713ea69e32b20795952b2d2b9d93d3dc1d2fe1d0a5c1f64cde5c3031c867fcc  reachit2052row.exe
9b5bad9753df99d808a0bc6c2856078a81b146027dc96c97e3c8fd40f25bfae9  reachit2052row.txt
