Hotkey Features Integration for Windows 8 (32-bit, 64-bit), 7 (32-bit, 64-bit), Vista (32-bit, 64-bit), XP and 2000 - ThinkPad


Hotkey Features Integration 
exe 
7.8 MB Windows 8 (32-bit)
Windows 8 (64-bit)
Windows 7 (32-bit)
Windows 7 (64-bit)
Windows Vista (32-Bit)
Windows Vista (64-Bit)
Windows XP (32-bit)
3.89.0100 12/23/2014
CheckSum
MD5: 3d2ca46a41dd61cea6542fc4d434ae1b 
SHA1: 017bda8beec4c43bd9a98eae547744bf89c05e67 
SHA-256: 76246e7f31208f45486efe503b9e3c6d513c2222f5ea30c5168fa901051631d7 
--2016-03-11 21:29:14--  https://download.lenovo.com/ibmdl/pub/pc/pccbbs/mobiles/8jvu43ww.exe


README for Hotkey Features Integration 
txtreadme 
23.1 KB Windows 8 (32-bit)
Windows 8 (64-bit)
Windows 7 (32-bit)
Windows 7 (64-bit)
Windows Vista (32-Bit)
Windows Vista (64-Bit)
Windows XP (32-bit)
3.89.0100 12/23/2014
CheckSum
MD5: 5f41bf6614b882598de44e0acf4280fc 
SHA1: fcf3d13bbcdc9ff0c91f60bf56da22252e86e931 
SHA-256: bc596948fcbd1d65045e2bd000ed7ef752a8dcc19900404b86d11922c8208f55 
--2016-03-11 21:29:30--  https://download.lenovo.com/ibmdl/pub/pc/pccbbs/mobiles/8jvu43ww.txt



76246e7f31208f45486efe503b9e3c6d513c2222f5ea30c5168fa901051631d7  8jvu43ww.exe
bc596948fcbd1d65045e2bd000ed7ef752a8dcc19900404b86d11922c8208f55  8jvu43ww.txt
