Lenovo Linux Diagnostics (Bootable CD) - Desktops, Notebooks, Workstations
(not just for T400 !!)


README for Lenovo Linux Diagnostics - Bootable CD 
txtreadme 
11.9 KB Linux (Red Hat / SUSE)
4.7.0.8081 3/3/2016

2016-03-05 19:35:17 (76.2 MB/s) - 'linux-bootable-cd-4708081.txt' saved [12152/12152]
CheckSum
MD5: ac51a5a74b8f3873c0b5123844dd0477 
SHA1: 56d284a52914193a4c68d376236161d40d50370a 
SHA-256: 9a17ba88bf01aacd0f2e914de1324b6771582cfc032ae234531412f007fe5344 

----

Lenovo Linux Diagnostics - Bootable CD 
iso 
369.2 MB Linux (Red Hat / SUSE)
4.7.0.8081 3/3/2016

--2016-03-05 19:35:30--  https://download.lenovo.com/pccbbs/thinkvantage_en/linux-bootable-cd-4708081.iso
CheckSum
MD5: 169f1c012d99d7124da7c26a43abb87b 
SHA1: 276139cc8dddceb1c3710c0adcbd889f987bf96a 
SHA-256: 97ddf6eecd007f62e4cc7c3240954172ed7305587c3509ca8c7bc647122eb8b3 

src: http://support.lenovo.com/hu/en/downloads/ds025448
(https redirects to http! so checksums are in plaintext!)


97ddf6eecd007f62e4cc7c3240954172ed7305587c3509ca8c7bc647122eb8b3  linux-bootable-cd-4708081.iso
9a17ba88bf01aacd0f2e914de1324b6771582cfc032ae234531412f007fe5344  linux-bootable-cd-4708081.txt
