Fix for issue of HDD with HD detection for Windows 7 (32-bit, 64-bit), Vista (32-bit, 64-bit) - Notebooks


Fix for issue of HDD with HD detection for Windows 7 and Vista (WW) 
exe 
297.6 KB Windows 7 (32-bit)
Windows 7 (64-bit)
Windows Vista (32-Bit)
Windows Vista (64-Bit)
1.02 3/6/2012
CheckSum
MD5: 4012432a73c8ef6cdef6c66202382e47 
SHA1: 8f512ab6a66178d65c908794b72bed40da2837ab 
SHA-256: d762bd763fc73f6c38dcf0cfbdafb372a77a0a24323932edbb813195aad6b0da 
--2016-03-12 09:06:20--  https://download.lenovo.com/ibmdl/pub/pc/pccbbs/mobiles/osfq03ww.exe


README for Fix for issue of HDD with HD detection for Windows 7 and Vista (WW) 
txtreadme 
8.1 KB Windows 7 (32-bit)
Windows 7 (64-bit)
Windows Vista (32-Bit)
Windows Vista (64-Bit)
1.02 3/6/2012
CheckSum
MD5: 645e95992be5cfae28d27df956c097f0 
SHA1: 92db9131a7ebfe86c484ce980a310e8e282f8b9d 
SHA-256: b75657b79213491083edcd506be6f2aec4922b9c7c9b030f5602444e104f3d5e 
--2016-03-12 09:06:26--  https://download.lenovo.com/ibmdl/pub/pc/pccbbs/mobiles/osfq03ww.txt




b75657b79213491083edcd506be6f2aec4922b9c7c9b030f5602444e104f3d5e  osfq03ww.txt
d762bd763fc73f6c38dcf0cfbdafb372a77a0a24323932edbb813195aad6b0da  osfq03ww.exe
