Windows 7 (32-bit, 64-bit) Update Module KB979155 (WW) - ThinkPad


Windows 7 Update Module KB979155 (Windows 64-bit) 
exe 
2.36 MB Windows 7 (64-bit)
1 4/6/2010
CheckSum
MD5: c60d4b37af7d49aa29882f97479a447e 
SHA1: d909a77c5c784e51159ffd8e915d57b923bce189 
SHA-256: 8d77c7f8206b03edab02298582782c53d3d2f7c3faeaeed918f78e186d19e8e3 
--2016-03-11 20:53:20--  https://download.lenovo.com/ibmdl/pub/pc/pccbbs/mobiles/os7008ww_64.exe


README for Windows 7 Update Module KB979155 
txtreadme 
7.74 KB Windows 7 (32-bit)
Windows 7 (64-bit)
1 4/6/2010
CheckSum
MD5: 19e9991b3144bf7a426106fa3299a453 
SHA1: 0c2bfc1fde0d3f760a84c12317ff92451cfe137a 
SHA-256: 0759215cf192e5973f79c315047e075fe155633876efdd970dc7882cd4af1b11 
--2016-03-11 20:53:32--  https://download.lenovo.com/ibmdl/pub/pc/pccbbs/mobiles/os7008us.txt


8d77c7f8206b03edab02298582782c53d3d2f7c3faeaeed918f78e186d19e8e3  os7008ww_64.exe
0759215cf192e5973f79c315047e075fe155633876efdd970dc7882cd4af1b11  os7008us.txt



