Intel Matrix Storage Manager Driver for Windows 7 (64-bit), Vista (64-bit) and XP (64-bit) - ThinkPad


Intel Matrix Storage Manager Driver 
exe 
488.67 KB Windows 7 (32-bit)
Windows 7 (64-bit)
Windows Vista (32-Bit)
Windows Vista (64-Bit)
Windows XP (32-bit)
8.9.2.1002 10/2/2009
CheckSum
MD5: 5074ee8954c69a8341da3a4fad6e8dbd 
SHA1: c4f482f5f6bcceee3a67c8aeb52857d3158c5e7f 
SHA-256: e8fd401e657fba62f2ab58fec0441d2e0d8b1362428796d6271475207543cbec 
--2016-03-12 09:07:34--  https://download.lenovo.com/ibmdl/pub/pc/pccbbs/mobiles/6iio10ww.exe


README for Intel Matrix Storage Manager Driver 

9.72 KB Windows 7 (32-bit)
Windows 7 (64-bit)
Windows Vista (32-Bit)
Windows Vista (64-Bit)
Windows XP (32-bit)
8.9.2.1002 10/2/2009
CheckSum
MD5: c4f8d8d1d45f21149a7a2e9b76c0d115 
SHA1: bb0e4f7a6c0b93a7172e9b77b4ab8b516ba8d4db 
SHA-256: 37fb635c24f4ed041fc97e7412f3f7e555f26b3ca66a012f05d94ad7f83f26d3 
--2016-03-12 09:07:48--  https://download.lenovo.com/ibmdl/pub/pc/pccbbs/mobiles/6iio10ww.txt




37fb635c24f4ed041fc97e7412f3f7e555f26b3ca66a012f05d94ad7f83f26d3  6iio10ww.txt
e8fd401e657fba62f2ab58fec0441d2e0d8b1362428796d6271475207543cbec  6iio10ww.exe
