Realtek Bluetooth 4.0 Software for Windows 8 (64-bit), 7 (32-bit, 64-bit) - ThinkPad T440s, T440p


Realtek Bluetooth 4.0 Software 
exe 
51.1 MB Windows 7 (32-bit)
Windows 7 (64-bit)
Windows 8 (64-bit)
1.3.769.3 / 1.3.769.0 / 1.3.769.1 3/14/2014
CheckSum
MD5: 46cae6101ca317dd83c3780d0e8c251b 
SHA1: 170797309757a364e7814a91d01cc4859de3dbfd 
SHA-256: 9d49628b82a318bcc5fa80a4ee9d63e3c9333b8744b765aaa5b14a011ad14448 
--2016-03-11 17:20:16--  https://download.lenovo.com/ibmdl/pub/pc/pccbbs/mobiles/gjwd07ww.exe


README for Realtek Bluetooth 4.0 Software 

9.2 KB Windows 7 (32-bit)
Windows 7 (64-bit)
Windows 8 (64-bit)
1.3.769.3 / 1.3.769.0 / 1.3.769.1 3/14/2014
CheckSum
MD5: 1f528f8d6f3b5b24dd8dc6d0bc0f8f24 
SHA1: 4d894a3adcc03fbd4cf85e48934d3ce0c54aea94 
SHA-256: dadf0b609d65181e470be06a49dadb96c18dbf25c04bd43808988e614cd0d6c7 
--2016-03-11 17:20:42--  https://download.lenovo.com/ibmdl/pub/pc/pccbbs/mobiles/gjwd07ww.txt


9d49628b82a318bcc5fa80a4ee9d63e3c9333b8744b765aaa5b14a011ad14448  gjwd07ww.exe
dadf0b609d65181e470be06a49dadb96c18dbf25c04bd43808988e614cd0d6c7  gjwd07ww.txt

