BIOS Settings Capture/Playback Utility - ThinkPad
normalREADME for ThinkPad BIOS Settings Capture/Playback Utility (SRCMOS) 23.7177734375 KB 4.016/8/2015normalThinkPad BIOS Settings Capture/Playback Utility (SRCMOS) 18.4404296875 KB 4.016/8/2015




ThinkPad BIOS Settings Capture/Playback Utility (SRCMOS) 

18.44 KB DOS
4.01 12/16/2009
CheckSum
MD5: 01d40fdecd32d863f465d0fdf869bb6e 
SHA1: 664ff6199d18ceecc56e77360631e8ac88194857 
SHA-256: 46dbf52a7d44e7b4b1b62cd1c56c0a23edee04a874a15a9ad0c342a06d695572 
--2016-03-05 16:53:07--  https://download.lenovo.com/ibmdl/pub/pc/pccbbs/mobiles/6itr02ww.zip


README for ThinkPad BIOS Settings Capture/Playback Utility (SRCMOS) 
txtreadme 
23.72 KB DOS
4.01 12/16/2009
CheckSum
MD5: 6f37ec00c27869081c22610d6cf2ff71 
SHA1: 6799ebfba75e6721a4483bcab409a0cb650ed3f4 
SHA-256: 23b14c200ea9de88f51de275963dec0384270f34bce1c907b81a6c841de37a0a 
--2016-03-05 16:53:01--  https://download.lenovo.com/ibmdl/pub/pc/pccbbs/mobiles/6itr02ww.txt

23b14c200ea9de88f51de275963dec0384270f34bce1c907b81a6c841de37a0a  6itr02ww.txt
46dbf52a7d44e7b4b1b62cd1c56c0a23edee04a874a15a9ad0c342a06d695572  6itr02ww.zip
