Rescue and Recovery® 4.3 for Windows 7


Rescue and Recovery 4.3 for Windows 7 
exe 
287.32 MB Windows 7 (32-bit)
Windows 7 (64-bit)
4.30.0027 9/30/2009
CheckSum
MD5: 1e86e0cb7ce0f949190b4ea9c2f53e8a 
SHA1: 85447886d40a3b409b18154626b56045bbf48e61 
SHA-256: 086ccd8169d923a3d55b4a6fc8db37369ec06c833aa85d26a00e12407c84ce32 
--2016-03-12 09:31:43--  https://download.lenovo.com/ibmdl/pub/pc/pccbbs/thinkvantage_en/tvtvrnr43_1027en.exe


README for Rescue and Recovery 4.3 for Windows 7 
txtreadme 
31.74 KB Windows 7 (32-bit)
Windows 7 (64-bit)
4.30.0027 9/30/2009
CheckSum
MD5: 1c34b46c848f6373f010428d8ce5d88b 
SHA1: f93e01f722597ff6baae069127b6bce5ac765cc2 
SHA-256: 896c35bc9f7ed7e13549d246653045416857cc0603720de1e74901d498b7ecd9 
--2016-03-12 09:32:05--  https://download.lenovo.com/ibmdl/pub/pc/pccbbs/thinkvantage_en/tvtvrnr43_1027en.txt


086ccd8169d923a3d55b4a6fc8db37369ec06c833aa85d26a00e12407c84ce32  tvtvrnr43_1027en.exe
896c35bc9f7ed7e13549d246653045416857cc0603720de1e74901d498b7ecd9  tvtvrnr43_1027en.txt
