Intel AMT 4.2 Management Engine Interface for Windows 7 (32-bit, 64-bit), Vista (32-bit, 64-bit) and XP (32-bit) - ThinkPad


Intel AMT 4.2 - Management Engine Interface 
exe 
1 MB Windows 7 (32-bit)
Windows 7 (64-bit)
Windows Vista (32-Bit)
Windows Vista (64-Bit)
Windows XP (32-bit)
4.2.0.1008 4/15/2010
CheckSum
MD5: a3d39ac8d41c96917630553a3bccfe73 
SHA1: dc6d3699d402df26c42932b9573b8de2688d5237 
SHA-256: 539c85c1e4b58fff0017badbd25c88ea2fb8603dc6da6c1cbd48b2933e067f46 
--2016-03-11 17:46:52--  https://download.lenovo.com/ibmdl/pub/pc/pccbbs/mobiles/7vr308ww.exe



README for Intel AMT 4.2 - Management Engine Interface 
txtreadme 
6.79 KB Windows 7 (32-bit)
Windows 7 (64-bit)
Windows Vista (32-Bit)
Windows Vista (64-Bit)
Windows XP (32-bit)
4.2.0.1008 4/15/2010
CheckSum
MD5: 6f39d0f5bb7b32543ee91df81d7dfb03 
SHA1: ac2f589b9babf9786b31f19c35e87729ecb277d7 
SHA-256: 74f70854b708911a6b545601b452fbc6a43384c9e06507e4d150f32c1fa9c812 
--2016-03-11 17:47:04--  https://download.lenovo.com/ibmdl/pub/pc/pccbbs/mobiles/7vr308ww.txt

539c85c1e4b58fff0017badbd25c88ea2fb8603dc6da6c1cbd48b2933e067f46  7vr308ww.exe
74f70854b708911a6b545601b452fbc6a43384c9e06507e4d150f32c1fa9c812  7vr308ww.txt

