Intel AMT 4.2 Local Manageability Service (LMS) and Serial Over LAN (SOL) Driver for Windows 7 (32-bit, 64-bit), Vista (32-bit, 64-bit) and XP (32-bit) - ThinkPad


Intel AMT 4.2 - Local Manageability Service (LMS) and Serial Over LAN (SOL) Driver 
exe 
2.18 MB Windows 7 (32-bit)
Windows 7 (64-bit)
Windows Vista (32-Bit)
Windows Vista (64-Bit)
Windows XP (32-bit)
5.4.1.1016 4/15/2010
CheckSum
MD5: 899e0a0e16b832889c9b401f15cf698e 
SHA1: a766b3f1df1969e54ab6fb352db160e58a830b8d 
SHA-256: d6358082241cd5877e8f8bff390e0e856a6ef7c2724699012b526a52a9fa5cf4 
--2016-03-11 16:44:47--  https://download.lenovo.com/ibmdl/pub/pc/pccbbs/mobiles/7vr408ww.exe


README for Intel AMT 4.2 - Local Manageability Service (LMS) and Serial Over LAN (SOL) Driver 

11.73 KB Windows 7 (32-bit)
Windows 7 (64-bit)
Windows Vista (32-Bit)
Windows Vista (64-Bit)
Windows XP (32-bit)
5.4.1.1016 4/15/2010
CheckSum
MD5: f72a09339c4cecd9f568fc56f94781be 
SHA1: 334ae5b36ca38c0dc81222bfbb4d90a938c3c075 
SHA-256: ab3024d9799aa37ae9213a4ff6a3e59ff78740a79d86f46f41578531151707ce 
--2016-03-11 16:45:02--  https://download.lenovo.com/ibmdl/pub/pc/pccbbs/mobiles/7vr408ww.txt


d6358082241cd5877e8f8bff390e0e856a6ef7c2724699012b526a52a9fa5cf4  7vr408ww.exe
ab3024d9799aa37ae9213a4ff6a3e59ff78740a79d86f46f41578531151707ce  7vr408ww.txt


