ThinkPad Switchable Graphics Driver for Windows 7 (32-bit, 64-bit) - ThinkPad


ThinkPad Switchable Graphics Driver
exe 
47.36 MB Windows 7 (32-bit)
Windows 7 (64-bit)
8.792.5.2-120504a-138564C 5/27/2012
CheckSum
MD5: 9a9dc7dbe9bc97666f58ed645ffff33f 
SHA1: 48d2640bbb88398588c97c368f7f3dce74e85a84 
SHA-256: 4220d21c7f2a464edecd97fdf0c9eafae59d9990713a21c978719e72f666b4a2 
--2016-03-11 17:57:18--  https://download.lenovo.com/ibmdl/pub/pc/pccbbs/mobiles/7vd619ww.exe


README for ThinkPad Switchable Graphics Driver 
txtreadme 
10.9 KB Windows 7 (32-bit)
Windows 7 (64-bit)
8.792.5.2-120504a-138564C 5/27/2012
CheckSum
MD5: d5b9b0c793b60ca6c736b25110cb5975 
SHA1: 137a9acf1ce2111234df51763dfc722eafaf3ebe 
SHA-256: 2cd874b509b22d61a0f5770b36c80551cb30a5878c3ed16e4448c48996c97bdc 
--2016-03-11 18:00:55--  https://download.lenovo.com/ibmdl/pub/pc/pccbbs/mobiles/7vd619ww.txt



4220d21c7f2a464edecd97fdf0c9eafae59d9990713a21c978719e72f666b4a2  7vd619ww.exe
2cd874b509b22d61a0f5770b36c80551cb30a5878c3ed16e4448c48996c97bdc  7vd619ww.txt


