Registry Patch to arrange icons in Device and Printers folders for Windows 7 - ThinkPad


Registry Patch to arrange icons in Device and Printers folders 
exe 
293.48 KB Windows 7 (32-bit)
Windows 7 (64-bit)
1 10/2/2009
CheckSum
MD5: 1dfd903504220fa308b36cbcc5105b00 
SHA1: 729f05997b4a479e5c86004490b5d7cee199807f 
SHA-256: bff87dc2e5cddcbb376b728d41610125b51c5b0d07b51937d760447ad2388ea1 
--2016-03-11 18:02:09--  https://download.lenovo.com/ibmdl/pub/pc/pccbbs/mobiles/osfr02ww.exe


README for Registry Patch to arrange icons in Device and Printers folders 
txtreadme 
5.48 KB Windows 7 (32-bit)
Windows 7 (64-bit)
1 10/2/2009
CheckSum
MD5: 8458164370e84f2587e857024ddd2a70 
SHA1: 2014f794990ae9e4d7024c99b5250b7aa807ae14 
SHA-256: 488bd0fe0d83c5e3d54a75c0be0fbd22399d460774260d0ddd5c9a36f8d16539 
--2016-03-11 18:02:23--  https://download.lenovo.com/ibmdl/pub/pc/pccbbs/mobiles/osfr02ww.txt



bff87dc2e5cddcbb376b728d41610125b51c5b0d07b51937d760447ad2388ea1  osfr02ww.exe
488bd0fe0d83c5e3d54a75c0be0fbd22399d460774260d0ddd5c9a36f8d16539  osfr02ww.txt


