Modem Adapter Software for Windows 7 (32-bit, 64-bit), Vista (32-bit, 64-bit), XP - ThinkPad


ThinkPad Modem Adapter Software 
exe 
13.52 MB Windows 7 (32-bit)
Windows 7 (64-bit)
Windows Vista (32-Bit)
Windows Vista (64-Bit)
Windows XP (32-bit)
7.80.8.50 3/9/2011
CheckSum
MD5: f1ee4e33d54498237cb1490008373011 
SHA1: e738e53bb983ccb49f7b4340df5cf0d80e3205b7 
SHA-256: b3190a753df77b003fe6cfd1d67ce3d4993e0226b3ece01c6d98ebd0e4c2cc0b 
--2016-03-11 14:15:32--  https://download.lenovo.com/ibmdl/pub/pc/pccbbs/mobiles/6imb06ww.exe


README for ThinkPad Modem Adapter Software 
txtreadme 
12.23 KB Windows 7 (32-bit)
Windows 7 (64-bit)
Windows Vista (32-Bit)
Windows Vista (64-Bit)
Windows XP (32-bit)
7.80.8.50 3/9/2011
CheckSum
MD5: b438b994f90dea02754ed3f7f933c18a 
SHA1: c20de915f07ac5b4d896c88f0df146a1e2abd568 
SHA-256: ac00cf78c8df7569d3f663f52fc92be9c73224dc4093832991c16f51283e8be4 
--2016-03-11 14:15:50--  https://download.lenovo.com/ibmdl/pub/pc/pccbbs/mobiles/6imb06ww.txt


b3190a753df77b003fe6cfd1d67ce3d4993e0226b3ece01c6d98ebd0e4c2cc0b  6imb06ww.exe
ac00cf78c8df7569d3f663f52fc92be9c73224dc4093832991c16f51283e8be4  6imb06ww.txt


