Lenovo Reach for Windows 8.1 (32-bit,64-bit), 8 (32-bit,64-bit), 7 (32-bit,64-bit)

Lenovo Reach 
exe 
32.9 MB Windows 8.1 (32-bit)
Windows 8.1 (64-bit)
Windows 8 (32-bit)
Windows 8 (64-bit)
Windows 7 (32-bit)
Windows 7 (64-bit)
1.1.3.7 9/24/2014
CheckSum
MD5: a06e5856272b13b5de9047fb9b634bcb 
SHA1: 0f106daeb4ac2e45640733630ac791f02583712a 
SHA-256: 53b1a3867298fdda4e0aed3012fb5642a53fd545b887c793b4bf52386b03fb64 
--2016-03-11 14:09:56--  https://download.lenovo.com/ibmdl/pub/pc/pccbbs/mobiles/lenovoreach_1137.exe



README for Lenovo Reach 
txtreadme 
4.17 KB Windows 8.1 (32-bit)
Windows 8.1 (64-bit)
Windows 8 (32-bit)
Windows 8 (64-bit)
Windows 7 (32-bit)
Windows 7 (64-bit)
1.1.3.7 9/24/2014
CheckSum
MD5: 217431d704611f0f053973b4336fa1a8 
SHA1: b9b061ecb05d52dee4efe9179208a8a4a2d9ba44 
SHA-256: 1b102dc0c039ac322b11bc28b33b97495aa4f8ce01246de36ab8cd19bffca08d
--2016-03-11 14:09:35--  https://download.lenovo.com/ibmdl/pub/pc/pccbbs/mobiles/lenovoreach_1137.txt


53b1a3867298fdda4e0aed3012fb5642a53fd545b887c793b4bf52386b03fb64  lenovoreach_1137.exe
1b102dc0c039ac322b11bc28b33b97495aa4f8ce01246de36ab8cd19bffca08d  lenovoreach_1137.txt

