Conexant Audio Software for Windows 7 (32-bit, 64-bit) - ThinkPad R400, R500, T400, T500, W500, W700, W700ds, X200, X200s, X200 Tablet, X301


Conexant Audio Software 
exe 
15.85 MB Windows 7 (32-bit)
Windows 7 (64-bit)
4.92.12.0 12/7/2010
CheckSum
MD5: 7ce59d0800a6af89cebd1961d12413f8 
SHA1: b25a88c6331c56fac25a84403d083a3802a17e0e 
SHA-256: 88d0df47030b992940a8581fb7a1da534606dae9ede843aeba12c903b1227fb0 
--2016-03-11 16:43:03--  https://download.lenovo.com/ibmdl/pub/pc/pccbbs/mobiles/6ea160ww.exe


README for Conexant Audio Software 
txtreadme 
7.43 KB Windows 7 (32-bit)
Windows 7 (64-bit)
4.92.12.0 12/7/2010
CheckSum
MD5: eaa448ebaa5ea28a7618acaf7d3e6d70 
SHA1: 97d49e1b3dd6af2f2b622305fa950f60ba6a8e0d 
SHA-256: bc51bae8e6c1ae637394b192e44bde5221840f7448f74f0bce3df12e2a236480 
--2016-03-11 16:43:22--  https://download.lenovo.com/ibmdl/pub/pc/pccbbs/mobiles/6ea160ww.txt


88d0df47030b992940a8581fb7a1da534606dae9ede843aeba12c903b1227fb0  6ea160ww.exe
bc51bae8e6c1ae637394b192e44bde5221840f7448f74f0bce3df12e2a236480  6ea160ww.txt

