Patch to fix the compatibility issue between the Client Security Solution program and the Mozilla FireFox 3.6 Web browser - Windows XP 32-bit, Vista 32-bit, Windows 7


Patch to fix the compatibility issue between the Client Security Solution program and the Mozilla FireFox 3.6 Web browser 
exe 
799.47 KB Windows 7 (32-bit)
Windows 7 (64-bit)
Windows Vista (32-Bit)
Windows Vista (64-Bit)
Windows XP (32-bit)
1 4/20/2010
CheckSum
MD5: 02e9c36837c353508e8fe2a5afa53da1 
SHA1: 2017384b14c7db027fb2ec0d02c4a4da0b23b6ca 
SHA-256: 697b089515375976224a56171e94824493fac12b18fae47b9e885a3717d0a9fa 
--2016-03-11 20:47:48--  https://download.lenovo.com/ibmdl/pub/pc/pccbbs/thinkvantage_en/ff36patch.exe


Installation instructions for the patch to fix the compatibility issue between the Client Security Solution program and the Mozilla FireFox 3.6 Web browser 
txtreadme 
8.24 KB Windows 7 (32-bit)
Windows 7 (64-bit)
Windows Vista (32-Bit)
Windows Vista (64-Bit)
Windows XP (32-bit)
1 4/20/2010
CheckSum
MD5: 2907880d6a8023e52dcd5aa34c316812 
SHA1: f4d68febcd286f58bf744ef993ecb5da31ca42d4 
SHA-256: ce885cbb48b16156fef2e4c475cf8db41922e1d6185ecc06fd73860d719d8de7 
--2016-03-11 20:48:06--  https://download.lenovo.com/ibmdl/pub/pc/pccbbs/thinkvantage_en/ff36patch.txt


697b089515375976224a56171e94824493fac12b18fae47b9e885a3717d0a9fa  ff36patch.exe
ce885cbb48b16156fef2e4c475cf8db41922e1d6185ecc06fd73860d719d8de7  ff36patch.txt



