Roxio Creator - ThinkPad and ThinkCenter


Roxio Creator Small Business Edition with MyDVD 
exe 
4.13 KB Windows 7 (32-bit)
Windows 7 (64-bit)
Windows Vista (32-Bit)
Windows Vista (64-Bit)
Windows XP (32-bit)
10.3 12/11/2009
CheckSum
MD5: 612836d75b943a6233e483d38d258e9b 
SHA1: 78ed884a5ee0f5ee0630924777dd7fd3d85eef95 
SHA-256: 469e4d25034e194dccaf2e19a817fbc87e97aea943f6cc84f2a27ebe7daf7da8 
--2016-03-12 08:54:14--  https://download.lenovo.com/ibmdl/pub/pc/pccbbs/thinkcentre_software/hd63xz00lmc-a.exe



README for Roxio Creator Small Business Edition with MyDVD 

3.9 KB Windows 7 (32-bit)
Windows 7 (64-bit)
Windows Vista (32-Bit)
Windows Vista (64-Bit)
Windows XP (32-bit)
10.3 12/11/2009
CheckSum
MD5: f2dc5ac8a0c9a46250ae3b0a0647d34a 
SHA1: 8a9e15b476328362be2e8d4d02b95bef23c0c2f8 
SHA-256: a09c21a89686b7b75d97af8b7ef1a5c1ea95adb0f8b3f63960c6c343b0dc8343 
--2016-03-12 08:55:16--  https://download.lenovo.com/ibmdl/pub/pc/pccbbs/thinkcentre_software/hd63xz00lmc-a.txt



Roxio Creator Business Edition With MyDVD 
exe 
434.01 MB Windows 7 (32-bit)
Windows 7 (64-bit)
Windows Vista (32-Bit)
Windows Vista (64-Bit)
Windows XP (32-bit)
10.3 12/11/2009
CheckSum
MD5: 8882dddf64d13bf8d44ad605c9b4eb23 
SHA1: 0a42f3f6b6dcbaadf71a4ffdc8678e90c43ee9e9 
SHA-256: df0d0916a46548a3282553122c2d690a40653f2eb77f95f1bf6a780804332f8e 
--2016-03-12 08:57:20--  https://download.lenovo.com/ibmdl/pub/pc/pccbbs/thinkcentre_software/hd63xz00lmd-a.exe




README for Roxio Creator Business Edition With MyDVD 

4.13 MB Windows 7 (32-bit)
Windows 7 (64-bit)
Windows Vista (32-Bit)
Windows Vista (64-Bit)
Windows XP (32-bit)
10.3 12/11/2009
CheckSum
MD5: 486a93418f52a52e5b94adbde575263c 
SHA1: 407beb910b159b8af460dc6015df9a76f1c8e812 
SHA-256: 0f0bf65e162c6549c5a0f1ba30eed15c8f64096a421a97cb8e0d28c43d8f013b 
--2016-03-12 08:57:47--  https://download.lenovo.com/ibmdl/pub/pc/pccbbs/thinkcentre_software/hd63xz00lmd-a.txt





469e4d25034e194dccaf2e19a817fbc87e97aea943f6cc84f2a27ebe7daf7da8  hd63xz00lmc-a.exe
df0d0916a46548a3282553122c2d690a40653f2eb77f95f1bf6a780804332f8e  hd63xz00lmd-a.exe
a09c21a89686b7b75d97af8b7ef1a5c1ea95adb0f8b3f63960c6c343b0dc8343  hd63xz00lmc-a.txt
0f0bf65e162c6549c5a0f1ba30eed15c8f64096a421a97cb8e0d28c43d8f013b  hd63xz00lmd-a.txt
