ThinkPad BIOS Settings for Windows 7 (32-bit), Vista (32-bit), XP, 2000 - ThinkPad


ThinkPad BIOS Settings Windows (SRSETUP for Windows) 
exe 
376.5 KB Windows 7 (32-bit)
Windows Vista (32-Bit)
Windows XP (32-bit)
3.03 6/5/2012
CheckSum
MD5: 432efcc18ef0bb589060a15ed7cfd5d9 
SHA1: 11146f67bb03d19e64a06d014318ed47efd031aa 
SHA-256: bac3dbac388ae8918ead40989bc7598cf799fa61ec814d0f93d30b5ab8682373 
--2016-03-12 11:00:02--  https://download.lenovo.com/ibmdl/pub/pc/pccbbs/mobiles/83ts04ww.exe


README for ThinkPad BIOS Settings Windows (SRSETUP for Windows) 

9.1 KB Windows 7 (32-bit)
Windows Vista (32-Bit)
Windows XP (32-bit)
3.03 6/5/2012
CheckSum
MD5: 6f2ddacd2725d181b7ceef5faefec296 
SHA1: ec5887acb2f62372bcc5887be65755d91c25c7d1 
SHA-256: 949df88a859b2da6cabfee8ef959ddd31d53e55749f046497f2a245cf833eb7e 
--2016-03-12 11:00:18--  https://download.lenovo.com/ibmdl/pub/pc/pccbbs/mobiles/83ts04ww.txt




949df88a859b2da6cabfee8ef959ddd31d53e55749f046497f2a245cf833eb7e  83ts04ww.txt
bac3dbac388ae8918ead40989bc7598cf799fa61ec814d0f93d30b5ab8682373  83ts04ww.exe
