Trying \_SB.PCI0.P0P1.VGA._OFF: failed
Trying \_SB.PCI0.P0P2.VGA._OFF: failed
Trying \_SB_.PCI0.OVGA.ATPX: failed
Trying \_SB_.PCI0.OVGA.XTPX: failed
Trying \_SB.PCI0.P0P3.PEGP._OFF: failed
Trying \_SB.PCI0.P0P2.PEGP._OFF: failed
Trying \_SB.PCI0.P0P1.PEGP._OFF: failed
Trying \_SB.PCI0.MXR0.MXM0._OFF: failed
Trying \_SB.PCI0.PEG1.GFX0._OFF: failed
Trying \_SB.PCI0.PEG0.GFX0.DOFF: failed
Trying \_SB.PCI0.PEG1.GFX0.DOFF: failed
Trying \_SB.PCI0.PEG0.PEGP._OFF: failed
Trying \_SB.PCI0.XVR0.Z01I.DGOF: failed
Trying \_SB.PCI0.PEGR.GFX0._OFF: failed
Trying \_SB.PCI0.PEG.VID._OFF: failed
Trying \_SB.PCI0.PEG0.VID._OFF: failed
Trying \_SB.PCI0.P0P2.DGPU._OFF: failed
Trying \_SB.PCI0.P0P4.DGPU.DOFF: failed
Trying \_SB.PCI0.IXVE.IGPU.DGOF: failed
Trying \_SB.PCI0.RP00.VGA._PS3: failed
Trying \_SB.PCI0.RP00.VGA.P3MO: failed
Trying \_SB.PCI0.GFX0.DSM._T_0: failed
Trying \_SB.PCI0.LPC.EC.PUBS._OFF: failed
Trying \_SB.PCI0.P0P2.NVID._OFF: failed
Trying \_SB.PCI0.P0P2.VGA.PX02: failed
Trying \_SB_.PCI0.PEGP.DGFX._OFF: failed
Trying \_SB_.PCI0.VGA.PX02: works!
Trying \_SB.PCI0.PEG0.PEGP.SGOF: failed
Trying \_SB.PCI0.AGP.VGA.PX02: failed
