Power Manager for Windows 7 (32-bit, 64-bit), Vista (32-bit, 64-bit) - Laptop

Power Manager 
exe 
21.2 MB Windows 7 (32-bit)
Windows 7 (64-bit)
Windows Vista (32-Bit)
Windows Vista (64-Bit)
6.68.8 11/9/2015
CheckSum
MD5: 9d67f44d4475ad4dd09d27ffe0c6bfc7 
SHA1: 8ea86682370f5480c3534d1090e77806564f18ce 
SHA-256: 1a34172833cad2b331a996488681fade0b9bc08046177d0077acc407c184432e 
--2016-03-11 13:55:47--  https://download.lenovo.com/pccbbs/mobiles/n1au408w.exe


README for Power Manager 
txtreadme 
39.3 KB Windows 7 (32-bit)
Windows 7 (64-bit)
Windows Vista (32-Bit)
Windows Vista (64-Bit)
6.68.8 11/9/2015
CheckSum
MD5: 82a5bbb45ee4487be20cb699411d8e8b 
SHA1: 2e0827c3de3932b52da91639caf60a65cd6181b4 
SHA-256: f2fe4c54c3e6de5f09e20226203647dbce45af1dab859c7f680842770820dca1
--2016-03-11 13:55:56--  https://download.lenovo.com/pccbbs/mobiles/n1au408w.txt

