Intel Turbo Memory Driver for Windows 7 (32-bit, 64-bit) and Vista (32-bit, 64-bit) - ThinkPad Reserve Edition, R61, R400, R500, T61, T61p, T400, T400s, T500, W500, W700, W700ds, X61, X61s, X61 Tablet, X200, X200s, X200 Tablet, X300, X301


Intel Turbo Memory Driver 
exe 
9.81 MB Windows 7 (32-bit)
Windows 7 (64-bit)
Windows Vista (32-Bit)
Windows Vista (64-Bit)
1.10.1.1002-8.9.2.1002 11/30/2009
CheckSum
MD5: 970751451a4451acacb0576fcd70f87a 
SHA1: 89f48bcd500a75465cfda978ba4dfb7ea7094fcb 
SHA-256: 6440bd6129608240a5d1aa720d0f929f02341c15844bd5317db2becae8f57de4 
--2016-03-12 09:08:38--  https://download.lenovo.com/ibmdl/pub/pc/pccbbs/mobiles/7zin85ww.exe


README for Intel Turbo Memory Driver 

12.36 KB Windows 7 (32-bit)
Windows 7 (64-bit)
Windows Vista (32-Bit)
Windows Vista (64-Bit)
1.10.1.1002-8.9.2.1002 11/30/2009
CheckSum
MD5: 64cab232c6b53a9d8b978e431fc1dfe0 
SHA1: 115297b5244c98a1cd4d5aefceff92048394307a 
SHA-256: 3e901a4f5818a71351b998b3b17dd02e32fdc4e70907c9545650b4a64ad0ecda 
--2016-03-12 09:08:51--  https://download.lenovo.com/ibmdl/pub/pc/pccbbs/mobiles/7zin85ww.txt





3e901a4f5818a71351b998b3b17dd02e32fdc4e70907c9545650b4a64ad0ecda  7zin85ww.txt
6440bd6129608240a5d1aa720d0f929f02341c15844bd5317db2becae8f57de4  7zin85ww.exe
